This file contains any messages produced by compilers while
running configure, to aid debugging if configure makes a mistake.

It was created by parallel-netcdf configure 1.10.0, which was
generated by GNU Autoconf 2.69.  Invocation command line was

  $ ./configure --prefix=/gza/u/xiaohui/g6/code_test/PnetCDF --host power

## --------- ##
## Platform. ##
## --------- ##

hostname = gza15n02
uname -m = 000C4E0BD400
uname -r = 1
uname -s = AIX
uname -v = 7

/usr/bin/uname -p = powerpc
/bin/uname -X     = unknown

/bin/arch              = unknown
/usr/bin/arch -k       = unknown
/usr/convex/getsysinfo = unknown
/usr/bin/hostinfo      = unknown
/bin/machine           = unknown
/usr/bin/oslevel       = 7.1.0.0
/bin/universe          = unknown

PATH: /gza/u/graces/soft/grads/bin
PATH: /cma/u/app/nco/bin
PATH: /cma/u/app/wgrib2/bin
PATH: /cma/u/app/netcdf-4.1.3/bin
PATH: /cma/u/app/cdo/bin
PATH: /cma/u/app/grads/bin
PATH: /cma/u/app/ferret/bin
PATH: /cma/u/app/netcdf/bin
PATH: /cma/u/app/hdf4/bin
PATH: /cma/u/app/hdf5/bin
PATH: /cma/u/app/nco/bin
PATH: /cma/u/app/ncview/bin
PATH: /cma/u/app/wgrib/bin
PATH: /cma/u/app/wgrib2/bin
PATH: /cma/u/app/ghostscript/bin
PATH: /cma/u/app/imagemagick/bin
PATH: /cma/u/app/ncl/bin
PATH: /cma/u/app/sms/bin
PATH: /cma/u/app/perforce
PATH: /cma/u/app/perforce/bin
PATH: /cma/u/app/sys_bin
PATH: /cma/u/app/wget/bin
PATH: /cma/u/app/nedit-5.5
PATH: $PATH
PATH: /usr/bin
PATH: /etc
PATH: /usr/sbin
PATH: /usr/ucb
PATH: /usr/bin/X11
PATH: /sbin
PATH: /usr/java5/jre/bin
PATH: /usr/java5/bin
PATH: /usr/X11R6/bin
PATH: /usr/lpp/mmfs/bin
PATH: /usr/vacpp/bin
PATH: /opt/freeware/bin
PATH: /cma/u/app/perforce
PATH: /cma/u/app/perforce/bin
PATH: /usr/bin
PATH: /bin
PATH: /etc
PATH: /usr/sbin
PATH: /usr/ucb
PATH: /gza/u/xiaohui/bin
PATH: /usr/bin/X11
PATH: /sbin
PATH: /usr/X11R6/bin
PATH: /usr/vac/bin
PATH: /usr/vacpp/bin
PATH: /usr/lpp/mmfs/bin
PATH: /opt/xcat/bin
PATH: /opt/freeware/bin
PATH: /usr/local/bin
PATH: .
PATH: /cma/u/app/ncview/bin
PATH: /gza/u/app/ncl/bin


## ----------- ##
## Core tests. ##
## ----------- ##

configure:3234: checking for a BSD-compatible install
configure:3302: result: /opt/freeware/bin/install -c
configure:3313: checking whether build environment is sane
configure:3368: result: yes
configure:3427: checking for power-strip
configure:3457: result: no
configure:3467: checking for strip
configure:3483: found /usr/bin/strip
configure:3494: result: strip
configure:3519: checking for a thread-safe mkdir -p
configure:3558: result: /opt/freeware/bin/mkdir -p
configure:3565: checking for gawk
configure:3581: found /usr/bin/gawk
configure:3592: result: gawk
configure:3603: checking whether make sets $(MAKE)
configure:3625: result: yes
configure:3654: checking whether make supports nested variables
configure:3671: result: yes
configure:3807: checking whether make supports nested variables
configure:3824: result: yes
configure:3837: checking whether to enable maintainer-specific portions of Makefiles
configure:3846: result: yes
configure:4307: checking mpcc_r
configure:4461: checking for mpcc_r
configure:4479: found /usr/bin/mpcc_r
configure:4491: result: /usr/bin/mpcc_r
configure:4612: checking for power-gcc
configure:4639: result: /usr/bin/mpcc_r
configure:4908: checking for C compiler version
configure:4917: /usr/bin/mpcc_r --version >&5
/usr/vac/bin/xlc_r: 1501-216 (W) command option --version is not recognized - passed to ld
ld: 0706-012 The -- flag is not recognized.
configure:4928: $? = 255
configure:4917: /usr/bin/mpcc_r -v >&5
                        /usr/vac/bin/xlc_r  -v  -q64 -I/opt/ibmhpc/pecurrent/ppe.pami/include -I/opt/ibmhpc/pecurrent/ppe.pami/dev/include -I/opt/ibmhpc/pecurrent/pempi/include -I/opt/ibmhpc/pecurrent/ppe.poe/include  -L/opt/ibmhpc/pecurrent/ppe.pami/xl/lib -lpami_r -L/opt/ibmhpc/pecurrent/ppe.poe/lib -binitfini:poe_remote_main -lpoe_r -L/opt/ibmhpc/pecurrent/pempi/xl/lib -lmpi_r -lpthreads 
exec: export(export,XL_CONFIG=/etc/vac.cfg.71:xlc_r,NULL) 
exec: /bin/ld(/bin/ld,-b64,/lib/crt0_64.o,-bpT:0x100000000,-bpD:0x110000000,-L/opt/ibmhpc/pecurrent/ppe.pami/xl/lib,-lpami_r,-L/opt/ibmhpc/pecurrent/ppe.poe/lib,-binitfini:poe_remote_main,-lpoe_r,-L/opt/ibmhpc/pecurrent/pempi/xl/lib,-lmpi_r,-lpthreads,-L/usr/vac/lib,-lxlopt,-lxlipa,-lxl,-lpthreads,-lc,NULL) 
unlink: /scratch/xlcW0HLaZaa
unlink: /scratch/xlcW1HPaZab
unlink: /scratch/xlcW2HPaZac
ld: 0711-317 ERROR: Undefined symbol: .main
ld: 0711-345 Use the -bloadmap or -bnoquiet option to obtain more information.
configure:4928: $? = 8
configure:4917: /usr/bin/mpcc_r -V >&5
export XL_CONFIG=/etc/vac.cfg.71:xlc_r 
/bin/ld -b64 /lib/crt0_64.o -bpT:0x100000000 -bpD:0x110000000 -L/opt/ibmhpc/pecurrent/ppe.pami/xl/lib -lpami_r -L/opt/ibmhpc/pecurrent/ppe.poe/lib -binitfini:poe_remote_main -lpoe_r -L/opt/ibmhpc/pecurrent/pempi/xl/lib -lmpi_r -lpthreads -L/usr/vac/lib -lxlopt -lxlipa -lxl -lpthreads -lc 
rm /scratch/xlcW0_XaTqa
rm /scratch/xlcW1_XaTqb
rm /scratch/xlcW2_XaTqc
ld: 0711-317 ERROR: Undefined symbol: .main
ld: 0711-345 Use the -bloadmap or -bnoquiet option to obtain more information.
configure:4928: $? = 8
configure:4917: /usr/bin/mpcc_r -qversion >&5
IBM XL C/C++ for AIX, V12.1 (5765-J02, 5725-C72)
Version: 12.01.0000.0002
configure:4928: $? = 0
configure:4948: checking whether the C compiler works
configure:4970: /usr/bin/mpcc_r    conftest.c  >&5
configure:4974: $? = 0
configure:5022: result: yes
configure:5025: checking for C compiler default output file name
configure:5027: result: a.out
configure:5033: checking for suffix of executables
configure:5040: /usr/bin/mpcc_r -o conftest    conftest.c  >&5
configure:5044: $? = 0
configure:5066: result: 
configure:5088: checking whether we are cross compiling
configure:5096: /usr/bin/mpcc_r -o conftest    conftest.c  >&5
configure:5100: $? = 0
configure:5107: ./conftest
ERROR: 0031-808  Hostfile or pool must be used to request nodes
configure:5111: $? = 255
configure:5126: result: yes
configure:5131: checking for suffix of object files
configure:5153: /usr/bin/mpcc_r -c   conftest.c >&5
configure:5157: $? = 0
configure:5178: result: o
configure:5182: checking whether we are using the GNU C compiler
configure:5201: /usr/bin/mpcc_r -c   conftest.c >&5
"conftest.c", line 16.14: 1506-275 (S) Unexpected text me encountered.
"conftest.c", line 16.8: 1506-045 (S) Undeclared identifier choke.
configure:5201: $? = 1
configure: failed program was:
| /* confdefs.h */
| #define PACKAGE_NAME "parallel-netcdf"
| #define PACKAGE_TARNAME "parallel-netcdf"
| #define PACKAGE_VERSION "1.10.0"
| #define PACKAGE_STRING "parallel-netcdf 1.10.0"
| #define PACKAGE_BUGREPORT "parallel-netcdf@mcs.anl.gov"
| #define PACKAGE_URL ""
| #define PACKAGE "parallel-netcdf"
| #define VERSION "1.10.0"
| /* end confdefs.h.  */
| 
| int
| main ()
| {
| #ifndef __GNUC__
|        choke me
| #endif
| 
|   ;
|   return 0;
| }
configure:5210: result: no
configure:5219: checking whether /usr/bin/mpcc_r accepts -g
configure:5239: /usr/bin/mpcc_r -c -g  conftest.c >&5
configure:5239: $? = 0
configure:5280: result: yes
configure:5297: checking for /usr/bin/mpcc_r option to accept ISO C89
configure:5360: /usr/bin/mpcc_r  -c -g  conftest.c >&5
configure:5360: $? = 0
configure:5373: result: none needed
configure:5398: checking whether /usr/bin/mpcc_r understands -c and -o together
configure:5420: /usr/bin/mpcc_r -c conftest.c -o conftest2.o
configure:5423: $? = 0
configure:5420: /usr/bin/mpcc_r -c conftest.c -o conftest2.o
configure:5423: $? = 0
configure:5435: result: yes
configure:5463: checking for style of include used by make
configure:5491: result: GNU
configure:5517: checking dependency style of /usr/bin/mpcc_r
configure:5628: result: xlc
configure:5653: checking for special C compiler options needed for large files
configure:5683: /usr/bin/mpcc_r -c -g  conftest.c >&5
configure:5683: $? = 0
configure:5698: result: no
configure:5704: checking for _FILE_OFFSET_BITS value needed for large files
configure:5729: /usr/bin/mpcc_r -c -g  conftest.c >&5
configure:5729: $? = 0
configure:5761: result: no
configure:5849: checking for MPI_Comm_rank
configure:5849: /usr/bin/mpcc_r -o conftest -g   conftest.c  >&5
configure:5849: $? = 0
configure:5849: result: yes
configure:5921: checking for MPI_File_open
configure:5921: /usr/bin/mpcc_r -o conftest -g   conftest.c  >&5
configure:5921: $? = 0
configure:5921: result: yes
configure:5995: checking build system type
configure:6009: result: powerpc-ibm-aix7.1.2.0
configure:6029: checking host system type
configure:6042: result: power-ibm-aix
configure:6110: checking how to print strings
configure:6139: result: print -r
configure:6158: checking for a sed that does not truncate output
configure:6222: result: /usr/bin/sed
configure:6240: checking for grep that handles long lines and -e
configure:6298: result: /usr/bin/grep
configure:6303: checking for egrep
configure:6365: result: /usr/bin/grep -E
configure:6370: checking for fgrep
configure:6432: result: /usr/bin/grep -F
configure:6579: checking for non-GNU ld
configure:6613: result: /usr/bin/ld
configure:6620: checking if the linker (/usr/bin/ld) is GNU ld
configure:6635: result: no
configure:6647: checking for BSD- or MS-compatible name lister (nm)
configure:6701: result: no
configure:6715: checking for power-dumpbin
configure:6745: result: no
configure:6715: checking for power-link
configure:6745: result: no
configure:6759: checking for dumpbin
configure:6789: result: no
configure:6759: checking for link
configure:6775: found /usr/sbin/link
configure:6786: result: link -dump
configure:6802: WARNING: using cross tools not prefixed with host triplet
configure:6831: checking the name lister (nm) interface
configure:6838: /usr/bin/mpcc_r -c -g  conftest.c >&5
configure:6841: nm "conftest.o"
configure:6844: output
:t1=-1               -           0
__default_char:t10=-5 -           0
conftest.c           f           -
some_variable        D           8           4
some_variable        d           0           8
some_variable:G-1    -           8
configure:6851: result: BSD nm
configure:6854: checking whether ln -s works
configure:6858: result: yes
configure:6866: checking the maximum length of command line arguments
configure:6997: result: 786432
configure:7045: checking how to convert powerpc-ibm-aix7.1.2.0 file names to power-ibm-aix format
configure:7085: result: func_convert_file_noop
configure:7092: checking how to convert powerpc-ibm-aix7.1.2.0 file names to toolchain format
configure:7112: result: func_convert_file_noop
configure:7119: checking for /usr/bin/ld option to reload object files
configure:7126: result: -r
configure:7160: checking for power-objdump
configure:7190: result: no
configure:7200: checking for objdump
configure:7216: found /usr/bin/objdump
configure:7227: result: objdump
configure:7259: checking how to recognize dependent libraries
configure:7459: result: unknown
configure:7504: checking for power-dlltool
configure:7534: result: no
configure:7544: checking for dlltool
configure:7574: result: no
configure:7604: checking how to associate runtime and link libraries
configure:7631: result: print -r --
configure:7647: checking for power-ar
configure:7677: result: no
configure:7691: checking for ar
configure:7707: found /usr/bin/ar
configure:7718: result: ar
configure:7755: checking for archiver @FILE support
configure:7772: /usr/bin/mpcc_r -c -g  conftest.c >&5
configure:7772: $? = 0
configure:7775: ar cru libconftest.a @conftest.lst >&5
ar: No such file or directory
ar: 0707-117 The fopen system call failed on file @conftest.lst.
configure:7778: $? = 1
configure:7798: result: no
configure:7816: checking for power-strip
configure:7843: result: strip
configure:7915: checking for power-ranlib
configure:7945: result: no
configure:7955: checking for ranlib
configure:7971: found /usr/bin/ranlib
configure:7982: result: ranlib
configure:8084: checking command to parse nm output from /usr/bin/mpcc_r object
configure:8237: /usr/bin/mpcc_r -c -g  conftest.c >&5
configure:8240: $? = 0
configure:8244: nm conftest.o \| sed -n -e 's/^.*[ ]\([BCDT][BCDT]*\)[ ][ ]*\([_A-Za-z][_A-Za-z0-9]*\)$/\1 \2 \2/p' | sed '/ __gnu_lto/d' \> conftest.nm
configure:8247: $? = 0
cannot run sed -n -e 's/^.*[	 ]\([BCDT][BCDT]*\)[	 ][	 ]*\([_A-Za-z][_A-Za-z0-9]*\)$/\1 \2 \2/p' | sed '/ __gnu_lto/d'
configure:8237: /usr/bin/mpcc_r -c -g  conftest.c >&5
configure:8240: $? = 0
configure:8244: nm conftest.o \| sed -n -e 's/^.*[ ]\([BCDT][BCDT]*\)[ ][ ]*_\([_A-Za-z][_A-Za-z0-9]*\)$/\1 _\2 \2/p' | sed '/ __gnu_lto/d' \> conftest.nm
configure:8247: $? = 0
cannot run sed -n -e 's/^.*[	 ]\([BCDT][BCDT]*\)[	 ][	 ]*_\([_A-Za-z][_A-Za-z0-9]*\)$/\1 _\2 \2/p' | sed '/ __gnu_lto/d'
configure:8351: result: failed
configure:8401: checking for sysroot
configure:8431: result: no
configure:8438: checking for a working dd
configure:8476: result: /usr/bin/dd
configure:8480: checking how to truncate binary pipes
configure:8495: result: /usr/bin/dd bs=4096 count=1
configure:8769: checking for power-mt
configure:8799: result: no
configure:8809: checking for mt
configure:8825: found /usr/bin/mt
configure:8836: result: mt
configure:8859: checking if mt is a manifest tool
configure:8865: mt '-?'
Usage:  mt [ -f device ] subcommand [ count ]
	Valid subcommands are:
	weof
	eof
	fsf
	bsf
	fsr
	bsr
	rewind
	offline
	rewoffl
	status
configure:8873: result: no
configure:9550: checking how to run the C preprocessor
configure:9581: /usr/bin/mpcc_r -E  conftest.c
configure:9581: $? = 0
configure:9595: /usr/bin/mpcc_r -E  conftest.c
"conftest.c", line 11.10: 1506-296 (S) #include file <ac_nonexistent.h> not found.
configure:9595: $? = 1
configure: failed program was:
| /* confdefs.h */
| #define PACKAGE_NAME "parallel-netcdf"
| #define PACKAGE_TARNAME "parallel-netcdf"
| #define PACKAGE_VERSION "1.10.0"
| #define PACKAGE_STRING "parallel-netcdf 1.10.0"
| #define PACKAGE_BUGREPORT "parallel-netcdf@mcs.anl.gov"
| #define PACKAGE_URL ""
| #define PACKAGE "parallel-netcdf"
| #define VERSION "1.10.0"
| /* end confdefs.h.  */
| #include <ac_nonexistent.h>
configure:9620: result: /usr/bin/mpcc_r -E
configure:9640: /usr/bin/mpcc_r -E  conftest.c
configure:9640: $? = 0
configure:9654: /usr/bin/mpcc_r -E  conftest.c
"conftest.c", line 11.10: 1506-296 (S) #include file <ac_nonexistent.h> not found.
configure:9654: $? = 1
configure: failed program was:
| /* confdefs.h */
| #define PACKAGE_NAME "parallel-netcdf"
| #define PACKAGE_TARNAME "parallel-netcdf"
| #define PACKAGE_VERSION "1.10.0"
| #define PACKAGE_STRING "parallel-netcdf 1.10.0"
| #define PACKAGE_BUGREPORT "parallel-netcdf@mcs.anl.gov"
| #define PACKAGE_URL ""
| #define PACKAGE "parallel-netcdf"
| #define VERSION "1.10.0"
| /* end confdefs.h.  */
| #include <ac_nonexistent.h>
configure:9683: checking for ANSI C header files
configure:9703: /usr/bin/mpcc_r -c -g  conftest.c >&5
configure:9703: $? = 0
configure:9787: result: yes
configure:9800: checking for sys/types.h
configure:9800: /usr/bin/mpcc_r -c -g  conftest.c >&5
configure:9800: $? = 0
configure:9800: result: yes
configure:9800: checking for sys/stat.h
configure:9800: /usr/bin/mpcc_r -c -g  conftest.c >&5
configure:9800: $? = 0
configure:9800: result: yes
configure:9800: checking for stdlib.h
configure:9800: /usr/bin/mpcc_r -c -g  conftest.c >&5
configure:9800: $? = 0
configure:9800: result: yes
configure:9800: checking for string.h
configure:9800: /usr/bin/mpcc_r -c -g  conftest.c >&5
configure:9800: $? = 0
configure:9800: result: yes
configure:9800: checking for memory.h
configure:9800: /usr/bin/mpcc_r -c -g  conftest.c >&5
configure:9800: $? = 0
configure:9800: result: yes
configure:9800: checking for strings.h
configure:9800: /usr/bin/mpcc_r -c -g  conftest.c >&5
configure:9800: $? = 0
configure:9800: result: yes
configure:9800: checking for inttypes.h
configure:9800: /usr/bin/mpcc_r -c -g  conftest.c >&5
configure:9800: $? = 0
configure:9800: result: yes
configure:9800: checking for stdint.h
configure:9800: /usr/bin/mpcc_r -c -g  conftest.c >&5
configure:9800: $? = 0
configure:9800: result: yes
configure:9800: checking for unistd.h
configure:9800: /usr/bin/mpcc_r -c -g  conftest.c >&5
configure:9800: $? = 0
configure:9800: result: yes
configure:9814: checking for dlfcn.h
configure:9814: /usr/bin/mpcc_r -c -g  conftest.c >&5
configure:9814: $? = 0
configure:9814: result: yes
configure:10069: checking for objdir
configure:10084: result: .libs
configure:10757: checking for /usr/bin/mpcc_r option to produce PIC
configure:10764: result:  -DPIC
configure:10772: checking if /usr/bin/mpcc_r PIC flag  -DPIC works
configure:10790: /usr/bin/mpcc_r -c -g   -DPIC -DPIC conftest.c >&5
configure:10794: $? = 0
configure:10807: result: yes
configure:10836: checking if /usr/bin/mpcc_r static flag -bnso -bI:/lib/syscalls.exp works
configure:10864: result: no
configure:10879: checking if /usr/bin/mpcc_r supports -c -o file.o
configure:10900: /usr/bin/mpcc_r -c -g  -o out/conftest2.o conftest.c >&5
configure:10904: $? = 0
configure:10926: result: yes
configure:10934: checking if /usr/bin/mpcc_r supports -c -o file.o
configure:10981: result: yes
configure:11014: checking whether the /usr/bin/mpcc_r linker (/usr/bin/ld) supports shared libraries
configure:12276: result: no
configure:12516: checking dynamic linker characteristics
configure:13337: result: no
configure:13459: checking how to hardcode library paths into programs
configure:13484: result: unsupported
configure:14032: checking whether stripping libraries is possible
configure:14054: result: no
configure:14072: checking if libtool supports shared libraries
configure:14074: result: no
configure:14077: checking whether to build shared libraries
configure:14102: result: no
configure:14105: checking whether to build static libraries
configure:14109: result: yes
configure:14397: checking mpCC_r
configure:14551: checking for mpCC_r
configure:14569: found /usr/bin/mpCC_r
configure:14581: result: /usr/bin/mpCC_r
configure:14829: checking for C++ compiler version
configure:14838: /usr/bin/mpCC_r --version >&5
/usr/vacpp/bin/xlC_r: 1501-216 (W) command option --version is not recognized - passed to ld
ld: 0706-012 The -- flag is not recognized.
configure:14849: $? = 255
configure:14838: /usr/bin/mpCC_r -v >&5
                        /usr/vacpp/bin/xlC_r  -v  -q64 -I/opt/ibmhpc/pecurrent/ppe.pami/include -I/opt/ibmhpc/pecurrent/ppe.pami/dev/include -I/opt/ibmhpc/pecurrent/pempi/include -I/opt/ibmhpc/pecurrent/ppe.poe/include    -L/opt/ibmhpc/pecurrent/ppe.pami/xl/lib -lpami_r -L/opt/ibmhpc/pecurrent/ppe.poe/lib -binitfini:poe_remote_main -lpoe_r -L/opt/ibmhpc/pecurrent/pempi/xl/lib -lmpi_r -lpthreads 
exec: export(export,XL_CONFIG=/etc/vac.cfg.71:xlC_r,NULL) 
exec: /bin/ld(ld,-b64,/lib/crt0_64.o,/lib/crti_64.o,-bpT:0x100000000,-bpD:0x110000000,-L/opt/ibmhpc/pecurrent/ppe.pami/xl/lib,-lpami_r,-L/opt/ibmhpc/pecurrent/ppe.poe/lib,-binitfini:poe_remote_main,-lpoe_r,-L/opt/ibmhpc/pecurrent/pempi/xl/lib,-lmpi_r,-lpthreads,-bcdtors:all:0:s,-L/usr/vac/lib,-lxlopt,-lxlipa,-lxl,-L/usr/vacpp/lib,-lC,-lpthreads,-lm,-lc,NULL)  |
exec: /usr/vacpp/bin/c++filt(c++filt,-S,NULL) |
exec: /bin/sed(sed,/317.*::virtual-fn-table-ptr$/ s/^\(.*: \)*{*\([^}]*\)\(}*.*\)::virtual-fn-table-ptr$/\1Virtual table for class "\2": Some possible causes are: first non-inline virtual function in "\2" is not defined; or the class is a template instantiation and an explicit instantiation definition of the class is missing./,NULL) 
unlink: /scratch/xlcW0XXa0ya
unlink: /scratch/xlcW1XXa0yb
unlink: /scratch/xlcW2XXa0yc
ld: 0711-317 ERROR: Undefined symbol: .main
ld: 0711-345 Use the -bloadmap or -bnoquiet option to obtain more information.
configure:14849: $? = 8
configure:14838: /usr/bin/mpCC_r -V >&5
export XL_CONFIG=/etc/vac.cfg.71:xlC_r 
/bin/ld -b64 /lib/crt0_64.o /lib/crti_64.o -bpT:0x100000000 -bpD:0x110000000 -L/opt/ibmhpc/pecurrent/ppe.pami/xl/lib -lpami_r -L/opt/ibmhpc/pecurrent/ppe.poe/lib -binitfini:poe_remote_main -lpoe_r -L/opt/ibmhpc/pecurrent/pempi/xl/lib -lmpi_r -lpthreads -bcdtors:all:0:s -L/usr/vac/lib -lxlopt -lxlipa -lxl -L/usr/vacpp/lib -lC -lpthreads -lm -lc  |
/usr/vacpp/bin/c++filt -S |
/bin/sed '/317.*::virtual-fn-table-ptr$/ s/^\(.*: \)*{*\([^}]*\)\(}*.*\)::virtual-fn-table-ptr$/\1Virtual table for class "\2": Some possible causes are: first non-inline virtual function in "\2" is not defined; or the class is a template instantiation and an explicit instantiation definition of the class is missing./' 
rm /scratch/xlcW0Zpa07a
rm /scratch/xlcW1Zpa07b
rm /scratch/xlcW2Zpa07c
ld: 0711-317 ERROR: Undefined symbol: .main
ld: 0711-345 Use the -bloadmap or -bnoquiet option to obtain more information.
configure:14849: $? = 8
configure:14838: /usr/bin/mpCC_r -qversion >&5
IBM XL C/C++ for AIX, V12.1 (5765-J02, 5725-C72)
Version: 12.01.0000.0002
configure:14849: $? = 0
configure:14853: checking whether we are using the GNU C++ compiler
configure:14872: /usr/bin/mpCC_r -c   conftest.cpp >&5
"conftest.cpp", line 28.14: 1540-0040 (S) The text "me" is unexpected.  "choke" may be undeclared or ambiguous.
configure:14872: $? = 1
configure: failed program was:
| /* confdefs.h */
| #define PACKAGE_NAME "parallel-netcdf"
| #define PACKAGE_TARNAME "parallel-netcdf"
| #define PACKAGE_VERSION "1.10.0"
| #define PACKAGE_STRING "parallel-netcdf 1.10.0"
| #define PACKAGE_BUGREPORT "parallel-netcdf@mcs.anl.gov"
| #define PACKAGE_URL ""
| #define PACKAGE "parallel-netcdf"
| #define VERSION "1.10.0"
| #define STDC_HEADERS 1
| #define HAVE_SYS_TYPES_H 1
| #define HAVE_SYS_STAT_H 1
| #define HAVE_STDLIB_H 1
| #define HAVE_STRING_H 1
| #define HAVE_MEMORY_H 1
| #define HAVE_STRINGS_H 1
| #define HAVE_INTTYPES_H 1
| #define HAVE_STDINT_H 1
| #define HAVE_UNISTD_H 1
| #define HAVE_DLFCN_H 1
| #define LT_OBJDIR ".libs/"
| /* end confdefs.h.  */
| 
| int
| main ()
| {
| #ifndef __GNUC__
|        choke me
| #endif
| 
|   ;
|   return 0;
| }
configure:14881: result: no
configure:14890: checking whether /usr/bin/mpCC_r accepts -g
configure:14910: /usr/bin/mpCC_r -c -g  conftest.cpp >&5
configure:14910: $? = 0
configure:14951: result: yes
configure:14976: checking dependency style of /usr/bin/mpCC_r
configure:15087: result: xlc
configure:15120: checking how to run the C++ preprocessor
configure:15147: /usr/bin/mpCC_r -E  conftest.cpp
configure:15147: $? = 0
configure:15161: /usr/bin/mpCC_r -E  conftest.cpp
"conftest.cpp", line 23.10: 1540-0836 (S) The #include file <ac_nonexistent.h> is not found.
configure:15161: $? = 1
configure: failed program was:
| /* confdefs.h */
| #define PACKAGE_NAME "parallel-netcdf"
| #define PACKAGE_TARNAME "parallel-netcdf"
| #define PACKAGE_VERSION "1.10.0"
| #define PACKAGE_STRING "parallel-netcdf 1.10.0"
| #define PACKAGE_BUGREPORT "parallel-netcdf@mcs.anl.gov"
| #define PACKAGE_URL ""
| #define PACKAGE "parallel-netcdf"
| #define VERSION "1.10.0"
| #define STDC_HEADERS 1
| #define HAVE_SYS_TYPES_H 1
| #define HAVE_SYS_STAT_H 1
| #define HAVE_STDLIB_H 1
| #define HAVE_STRING_H 1
| #define HAVE_MEMORY_H 1
| #define HAVE_STRINGS_H 1
| #define HAVE_INTTYPES_H 1
| #define HAVE_STDINT_H 1
| #define HAVE_UNISTD_H 1
| #define HAVE_DLFCN_H 1
| #define LT_OBJDIR ".libs/"
| /* end confdefs.h.  */
| #include <ac_nonexistent.h>
configure:15186: result: /usr/bin/mpCC_r -E
configure:15206: /usr/bin/mpCC_r -E  conftest.cpp
configure:15206: $? = 0
configure:15220: /usr/bin/mpCC_r -E  conftest.cpp
"conftest.cpp", line 23.10: 1540-0836 (S) The #include file <ac_nonexistent.h> is not found.
configure:15220: $? = 1
configure: failed program was:
| /* confdefs.h */
| #define PACKAGE_NAME "parallel-netcdf"
| #define PACKAGE_TARNAME "parallel-netcdf"
| #define PACKAGE_VERSION "1.10.0"
| #define PACKAGE_STRING "parallel-netcdf 1.10.0"
| #define PACKAGE_BUGREPORT "parallel-netcdf@mcs.anl.gov"
| #define PACKAGE_URL ""
| #define PACKAGE "parallel-netcdf"
| #define VERSION "1.10.0"
| #define STDC_HEADERS 1
| #define HAVE_SYS_TYPES_H 1
| #define HAVE_SYS_STAT_H 1
| #define HAVE_STDLIB_H 1
| #define HAVE_STRING_H 1
| #define HAVE_MEMORY_H 1
| #define HAVE_STRINGS_H 1
| #define HAVE_INTTYPES_H 1
| #define HAVE_STDINT_H 1
| #define HAVE_UNISTD_H 1
| #define HAVE_DLFCN_H 1
| #define LT_OBJDIR ".libs/"
| /* end confdefs.h.  */
| #include <ac_nonexistent.h>
configure:15545: checking whether the /usr/bin/mpCC_r linker (/usr/bin/ld) supports shared libraries
configure:16621: result: no
configure:16657: /usr/bin/mpCC_r -c -g  conftest.cpp >&5
configure:16660: $? = 0
configure:17163: checking for /usr/bin/mpCC_r option to produce PIC
configure:17170: result:  -DPIC
configure:17178: checking if /usr/bin/mpCC_r PIC flag  -DPIC works
configure:17196: /usr/bin/mpCC_r -c -g   -DPIC -DPIC conftest.cpp >&5
configure:17200: $? = 0
configure:17213: result: yes
configure:17236: checking if /usr/bin/mpCC_r static flag  works
configure:17264: result: yes
configure:17276: checking if /usr/bin/mpCC_r supports -c -o file.o
configure:17297: /usr/bin/mpCC_r -c -g  -o out/conftest2.o conftest.cpp >&5
configure:17301: $? = 0
configure:17323: result: yes
configure:17328: checking if /usr/bin/mpCC_r supports -c -o file.o
configure:17375: result: yes
configure:17405: checking whether the /usr/bin/mpCC_r linker (/usr/bin/ld) supports shared libraries
configure:17445: result: no
configure:17586: checking dynamic linker characteristics
configure:18331: result: no
configure:18396: checking how to hardcode library paths into programs
configure:18421: result: unsupported
configure:18470: checking for MPI_File_close
configure:18470: /usr/bin/mpCC_r -o conftest -g   conftest.cpp  >&5
configure:18470: $? = 0
configure:18470: result: yes
configure:18560: checking if MPI C++ compiler redefines SEEK_SET 
configure:18577: /usr/bin/mpCC_r -c -g  conftest.cpp >&5
configure:18577: $? = 0
configure:18584: result: no
configure:18893: checking mpxlf_r
configure:19047: checking for mpxlf_r
configure:19065: found /usr/bin/mpxlf_r
configure:19077: result: /usr/bin/mpxlf_r
configure:19436: checking mpxlf90_r
configure:19590: checking for mpxlf90_r
configure:19608: found /usr/bin/mpxlf90_r
configure:19620: result: /usr/bin/mpxlf90_r
configure:19773: checking for power-g77
configure:19800: result: /usr/bin/mpxlf_r
configure:19870: checking for Fortran 77 compiler version
configure:19879: /usr/bin/mpxlf_r --version >&5
/usr/bin/xlf_r: 1501-216 (W) command option --version is not recognized - passed to ld
ld: 0706-012 The -- flag is not recognized.
configure:19890: $? = 255
configure:19879: /usr/bin/mpxlf_r -v >&5
/usr/bin/xlf_r  -v  -q64 -I/opt/ibmhpc/pecurrent/pempi/include -I/opt/ibmhpc/pecurrent/pempi/include/thread64 -I/opt/ibmhpc/pecurrent/ppe.pami/include64 -I/opt/ibmhpc/pecurrent/ppe.pami/dev/include -I/opt/ibmhpc/pecurrent/ppe.poe/include  -L/opt/ibmhpc/pecurrent/ppe.pami/xl/lib -lpami_r -L/opt/ibmhpc/pecurrent/ppe.poe/lib -binitfini:poe_remote_main -lpoe_r -L/opt/ibmhpc/pecurrent/pempi/xl/lib -lmpi_r -lpthreads 
exec: export(export,XL_CONFIG=/etc/xlf.cfg.71:xlf_r,NULL) 
exec: /bin/ld(ld,-b64,/lib/crt0_64.o,-bpT:0x100000000,-bpD:0x110000000,-bh:4,-bh:4,-bh:4,-bh:4,-bh:4,-L/opt/ibmhpc/pecurrent/ppe.pami/xl/lib,-lpami_r,-L/opt/ibmhpc/pecurrent/ppe.poe/lib,-binitfini:poe_remote_main,-lpoe_r,-L/opt/ibmhpc/pecurrent/pempi/xl/lib,-lmpi_r,-lpthreads,-lxlf90,-L/usr/lpp/xlf/lib,-lxlopt,-lxlipa,-lxlf,-lxlomp_ser,-lpthreads,-lm,-lc,NULL)  |
exec: /bin/awk(/bin/awk,BEGIN{a=0;b=0;s=""};{if(($0!~/.*-224.*@TP.*/)&&($0!~/.*-34[45].*loadmap.*/||b==1||a==0)){b=1;print $0;}else{a=1;if((s=="")&& $0 ~ /.*-34[45].*loadmap.*/){s=$0}}};END{if(b==1 && s!=""){print s}},NULL) 
unlink: /scratch/optf.2097770c0aCEa
unlink: /scratch/version.2097770cAaCEb
ld: 0711-317 ERROR: Undefined symbol: .main
ld: 0711-345 Use the -bloadmap or -bnoquiet option to obtain more information.
configure:19890: $? = 8
configure:19879: /usr/bin/mpxlf_r -V >&5
export XL_CONFIG=/etc/xlf.cfg.71:xlf_r 
/bin/ld -b64 /lib/crt0_64.o -bpT:0x100000000 -bpD:0x110000000 -bh:4 -bh:4 -bh:4 -bh:4 -bh:4 -L/opt/ibmhpc/pecurrent/ppe.pami/xl/lib -lpami_r -L/opt/ibmhpc/pecurrent/ppe.poe/lib -binitfini:poe_remote_main -lpoe_r -L/opt/ibmhpc/pecurrent/pempi/xl/lib -lmpi_r -lpthreads -lxlf90 -L/usr/lpp/xlf/lib -lxlopt -lxlipa -lxlf -lxlomp_ser -lpthreads -lm -lc  |
/bin/awk 'BEGIN{a=0;b=0;s=""};{if(($0!~/.*-224.*@TP.*/)&&($0!~/.*-34[45].*loadmap.*/||b==1||a==0)){b=1;print $0;}else{a=1;if((s=="")&& $0 ~ /.*-34[45].*loadmap.*/){s=$0}}};END{if(b==1 && s!=""){print s}}' 
rm /scratch/optf.2097772cJaCMa
rm /scratch/version.2097772cJaCMb
ld: 0711-317 ERROR: Undefined symbol: .main
ld: 0711-345 Use the -bloadmap or -bnoquiet option to obtain more information.
configure:19890: $? = 8
configure:19879: /usr/bin/mpxlf_r -qversion >&5
IBM XL Fortran for AIX, V14.1 (5765-J04, 5725-C74)
Version: 14.01.0000.0002
configure:19890: $? = 0
configure:19899: checking whether we are using the GNU Fortran 77 compiler
configure:19912: /usr/bin/mpxlf_r -c  conftest.F >&5
"conftest.F", line 3.15: 1515-019 (S) Syntax is incorrect.
** main   === End of Compilation 1 ===
1501-511  Compilation failed for file conftest.F.
configure:19912: $? = 1
configure: failed program was:
|       program main
| #ifndef __GNUC__
|        choke me
| #endif
| 
|       end
configure:19921: result: no
configure:19927: checking whether /usr/bin/mpxlf_r accepts -g
configure:19938: /usr/bin/mpxlf_r -c -g conftest.f >&5
** main   === End of Compilation 1 ===
1501-510  Compilation successful for file conftest.f.
configure:19938: $? = 0
configure:19946: result: yes
configure:20075: checking if libtool supports shared libraries
configure:20077: result: no
configure:20080: checking whether to build shared libraries
configure:20104: result: no
configure:20107: checking whether to build static libraries
configure:20111: result: yes
configure:20479: checking for /usr/bin/mpxlf_r option to produce PIC
configure:20486: result: 
configure:20552: checking if /usr/bin/mpxlf_r static flag -bnso -bI:/lib/syscalls.exp works
configure:20580: result: no
configure:20592: checking if /usr/bin/mpxlf_r supports -c -o file.o
configure:20613: /usr/bin/mpxlf_r -c -g -o out/conftest2.o conftest.f >&5
** t   === End of Compilation 1 ===
1501-510  Compilation successful for file conftest.f.
configure:20617: $? = 0
configure:20639: result: yes
configure:20644: checking if /usr/bin/mpxlf_r supports -c -o file.o
configure:20691: result: yes
configure:20721: checking whether the /usr/bin/mpxlf_r linker (/usr/bin/ld) supports shared libraries
configure:21933: result: no
configure:22074: checking dynamic linker characteristics
configure:22813: result: no
configure:22878: checking how to hardcode library paths into programs
configure:22903: result: unsupported
configure:22940: checking how to get verbose linking output from /usr/bin/mpxlf_r
configure:22950: /usr/bin/mpxlf_r -c -g conftest.f >&5
** main   === End of Compilation 1 ===
1501-510  Compilation successful for file conftest.f.
configure:22950: $? = 0
configure:22968: /usr/bin/mpxlf_r -o conftest -g -v conftest.f
/usr/bin/xlf_r  -o  conftest  -g  -v  conftest.f  -q64 -I/opt/ibmhpc/pecurrent/pempi/include -I/opt/ibmhpc/pecurrent/pempi/include/thread64 -I/opt/ibmhpc/pecurrent/ppe.pami/include64 -I/opt/ibmhpc/pecurrent/ppe.pami/dev/include -I/opt/ibmhpc/pecurrent/ppe.poe/include  -L/opt/ibmhpc/pecurrent/ppe.pami/xl/lib -lpami_r -L/opt/ibmhpc/pecurrent/ppe.poe/lib -binitfini:poe_remote_main -lpoe_r -L/opt/ibmhpc/pecurrent/pempi/xl/lib -lmpi_r -lpthreads 
exec: export(export,XL_CONFIG=/etc/xlf.cfg.71:xlf_r,NULL) 
exec: export(export,XL_DIS=/usr/lpp/xlf/bin/dis -o "conftest" "conftest.o",NULL) 
exec: /usr/lpp/xlf/bin/xlfentry(/usr/lpp/xlf/bin/xlfentry,conftest.f,/scratch/F83146748gWa-Md,/scratch/F83146748gWa-MdF.lst,xlfsmsg.cat,xlfmsg.cat,conftest.f,OSVAR(aix.7.1),THREADED,NOZEROSIZE,SAVE,ALIAS(intptr),POSITION(appendold),XLF90(noautodealloc,nosignedzero,oldpad),XLF77(intarg,intxor,persistent,noleadzero,gedit77,noblankpad,oldboz,softeof),XLF2003(nopolymorphic,nobozlitargs,nostopexcept,novolatile,noautorealloc,oldnaninf),XLF2008(nocheckpresence),64(largetype),SAVEOPTFILE(/scratch/optf.3146748gUa-Ma),SAVEVERSIONFILE(/scratch/version.3146748gWa-Mb),DBG,64,-I/opt/ibmhpc/pecurrent/pempi/include,-I/opt/ibmhpc/pecurrent/pempi/include/thread64,-I/opt/ibmhpc/pecurrent/ppe.pami/include64,-I/opt/ibmhpc/pecurrent/ppe.pami/dev/include,-I/opt/ibmhpc/pecurrent/ppe.poe/include,WSTREAMS(/scratch/F83146748gWa-Mch1,/scratch/F83146748gWa-Mcb1,/scratch/F83146748gWa-Mcs1),DEFMSG(/usr/lpp/xlf/bin/default_msg),-I/usr/lpp/xlf/include,NULL) 
** main   === End of Compilation 1 ===
exec: export(export,XL_FRONTEND=/usr/lpp/xlf/bin/xlfentry,NULL) 
exec: export(export,XL_ASTI=/usr/lpp/xlf/bin/xlfhot,NULL) 
exec: export(export,XL_BACKEND=/usr/lpp/xlf/bin/xlfcode,NULL) 
exec: export(export,XL_LINKER=/bin/ld,NULL) 
exec: export(export,XL_BOLT=/usr/lpp/xlf/bin/bolt,NULL) 
exec: /usr/lpp/xlf/bin/xlfhot(/usr/lpp/xlf/bin/xlfhot,/scratch/F83146748gWa-Mch1,/scratch/F83146748gWa-Mch2,/scratch/F83146748gWa-Mcb1,/scratch/F83146748gWa-Mcb2,/scratch/F83146748gWa-Mcs1,/scratch/F83146748gWa-Mcs2,/scratch/F83146748gWa-Md,/scratch/F83146748gWa-MdA.lst,NULL) 
exec: export(export,XL_FRONTEND=/usr/lpp/xlf/bin/xlfentry,NULL) 
exec: export(export,XL_ASTI=/usr/lpp/xlf/bin/xlfhot,NULL) 
exec: export(export,XL_BACKEND=/usr/lpp/xlf/bin/xlfcode,NULL) 
exec: export(export,XL_LINKER=/bin/ld,NULL) 
exec: export(export,XL_BOLT=/usr/lpp/xlf/bin/bolt,NULL) 
exec: /usr/lpp/xlf/bin/xlfcode(/usr/lpp/xlf/bin/xlfcode,/scratch/F83146748gWa-Mch2,/scratch/F83146748gWa-Mcb2,conftest.o,/scratch/F83146748gWa-MdB.lst,/scratch/F83146748gWa-Mcs2,NULL) 
1501-510  Compilation successful for file conftest.f.
exec: /bin/ld(ld,-b64,/lib/crt0_64.o,-bpT:0x100000000,-bpD:0x110000000,-bh:4,-bh:4,-bh:4,-bh:4,-bh:4,-o,conftest,conftest.o,-L/opt/ibmhpc/pecurrent/ppe.pami/xl/lib,-lpami_r,-L/opt/ibmhpc/pecurrent/ppe.poe/lib,-binitfini:poe_remote_main,-lpoe_r,-L/opt/ibmhpc/pecurrent/pempi/xl/lib,-lmpi_r,-lpthreads,-lxlf90,-L/usr/lpp/xlf/lib,-lxlopt,-lxlipa,-lxlf,-lxlomp_ser,-lpthreads,-lm,-lc,NULL)  |
exec: /bin/awk(/bin/awk,BEGIN{a=0;b=0;s=""};{if(($0!~/.*-224.*@TP.*/)&&($0!~/.*-34[45].*loadmap.*/||b==1||a==0)){b=1;print $0;}else{a=1;if((s=="")&& $0 ~ /.*-34[45].*loadmap.*/){s=$0}}};END{if(b==1 && s!=""){print s}},NULL) 
unlink: /scratch/optf.3146748gUa-Ma
unlink: conftest.o
configure:23051: result: -v
configure:23053: checking for Fortran 77 libraries of /usr/bin/mpxlf_r
configure:23076: /usr/bin/mpxlf_r -o conftest -g -v conftest.f
/usr/bin/xlf_r  -o  conftest  -g  -v  conftest.f  -q64 -I/opt/ibmhpc/pecurrent/pempi/include -I/opt/ibmhpc/pecurrent/pempi/include/thread64 -I/opt/ibmhpc/pecurrent/ppe.pami/include64 -I/opt/ibmhpc/pecurrent/ppe.pami/dev/include -I/opt/ibmhpc/pecurrent/ppe.poe/include  -L/opt/ibmhpc/pecurrent/ppe.pami/xl/lib -lpami_r -L/opt/ibmhpc/pecurrent/ppe.poe/lib -binitfini:poe_remote_main -lpoe_r -L/opt/ibmhpc/pecurrent/pempi/xl/lib -lmpi_r -lpthreads 
exec: export(export,XL_CONFIG=/etc/xlf.cfg.71:xlf_r,NULL) 
exec: export(export,XL_DIS=/usr/lpp/xlf/bin/dis -o "conftest" "conftest.o",NULL) 
exec: /usr/lpp/xlf/bin/xlfentry(/usr/lpp/xlf/bin/xlfentry,conftest.f,/scratch/F813697382-Vawyd,/scratch/F813697382-VawydF.lst,xlfsmsg.cat,xlfmsg.cat,conftest.f,OSVAR(aix.7.1),THREADED,NOZEROSIZE,SAVE,ALIAS(intptr),POSITION(appendold),XLF90(noautodealloc,nosignedzero,oldpad),XLF77(intarg,intxor,persistent,noleadzero,gedit77,noblankpad,oldboz,softeof),XLF2003(nopolymorphic,nobozlitargs,nostopexcept,novolatile,noautorealloc,oldnaninf),XLF2008(nocheckpresence),64(largetype),SAVEOPTFILE(/scratch/optf.13697382-Tawya),SAVEVERSIONFILE(/scratch/version.13697382-Vawyb),DBG,64,-I/opt/ibmhpc/pecurrent/pempi/include,-I/opt/ibmhpc/pecurrent/pempi/include/thread64,-I/opt/ibmhpc/pecurrent/ppe.pami/include64,-I/opt/ibmhpc/pecurrent/ppe.pami/dev/include,-I/opt/ibmhpc/pecurrent/ppe.poe/include,WSTREAMS(/scratch/F813697382-Vawych1,/scratch/F813697382-Vawycb1,/scratch/F813697382-Vawycs1),DEFMSG(/usr/lpp/xlf/bin/default_msg),-I/usr/lpp/xlf/include,NULL) 
** main   === End of Compilation 1 ===
exec: export(export,XL_FRONTEND=/usr/lpp/xlf/bin/xlfentry,NULL) 
exec: export(export,XL_ASTI=/usr/lpp/xlf/bin/xlfhot,NULL) 
exec: export(export,XL_BACKEND=/usr/lpp/xlf/bin/xlfcode,NULL) 
exec: export(export,XL_LINKER=/bin/ld,NULL) 
exec: export(export,XL_BOLT=/usr/lpp/xlf/bin/bolt,NULL) 
exec: /usr/lpp/xlf/bin/xlfhot(/usr/lpp/xlf/bin/xlfhot,/scratch/F813697382-Vawych1,/scratch/F813697382-Vawych2,/scratch/F813697382-Vawycb1,/scratch/F813697382-Vawycb2,/scratch/F813697382-Vawycs1,/scratch/F813697382-Vawycs2,/scratch/F813697382-Vawyd,/scratch/F813697382-VawydA.lst,NULL) 
exec: export(export,XL_FRONTEND=/usr/lpp/xlf/bin/xlfentry,NULL) 
exec: export(export,XL_ASTI=/usr/lpp/xlf/bin/xlfhot,NULL) 
exec: export(export,XL_BACKEND=/usr/lpp/xlf/bin/xlfcode,NULL) 
exec: export(export,XL_LINKER=/bin/ld,NULL) 
exec: export(export,XL_BOLT=/usr/lpp/xlf/bin/bolt,NULL) 
exec: /usr/lpp/xlf/bin/xlfcode(/usr/lpp/xlf/bin/xlfcode,/scratch/F813697382-Vawych2,/scratch/F813697382-Vawycb2,conftest.o,/scratch/F813697382-VawydB.lst,/scratch/F813697382-Vawycs2,NULL) 
1501-510  Compilation successful for file conftest.f.
exec: /bin/ld(ld,-b64,/lib/crt0_64.o,-bpT:0x100000000,-bpD:0x110000000,-bh:4,-bh:4,-bh:4,-bh:4,-bh:4,-o,conftest,conftest.o,-L/opt/ibmhpc/pecurrent/ppe.pami/xl/lib,-lpami_r,-L/opt/ibmhpc/pecurrent/ppe.poe/lib,-binitfini:poe_remote_main,-lpoe_r,-L/opt/ibmhpc/pecurrent/pempi/xl/lib,-lmpi_r,-lpthreads,-lxlf90,-L/usr/lpp/xlf/lib,-lxlopt,-lxlipa,-lxlf,-lxlomp_ser,-lpthreads,-lm,-lc,NULL)  |
exec: /bin/awk(/bin/awk,BEGIN{a=0;b=0;s=""};{if(($0!~/.*-224.*@TP.*/)&&($0!~/.*-34[45].*loadmap.*/||b==1||a==0)){b=1;print $0;}else{a=1;if((s=="")&& $0 ~ /.*-34[45].*loadmap.*/){s=$0}}};END{if(b==1 && s!=""){print s}},NULL) 
unlink: /scratch/optf.13697382-Tawya
unlink: conftest.o
configure:23272: result:  -L/opt/ibmhpc/pecurrent/ppe.pami/xl/lib -lpami_r -L/opt/ibmhpc/pecurrent/ppe.poe/lib -lpoe_r -L/opt/ibmhpc/pecurrent/pempi/xl/lib -lmpi_r -lpthreads -lxlf90 -L/usr/lpp/xlf/lib -lxlopt -lxlipa -lxlf -lxlomp_ser -lm
configure:23284: checking if /usr/bin/mpxlf_r is a valid MPI compiler
configure:23299: /usr/bin/mpxlf_r -c -g conftest.f >&5
** main   === End of Compilation 1 ===
1501-510  Compilation successful for file conftest.f.
configure:23299: $? = 0
configure:23311: result: yes
configure:23351: checking for power-gfortran
configure:23378: result: /usr/bin/mpxlf90_r
configure:23448: checking for Fortran compiler version
configure:23457: /usr/bin/mpxlf90_r --version >&5
/usr/bin/xlf90_r: 1501-216 (W) command option --version is not recognized - passed to ld
ld: 0706-012 The -- flag is not recognized.
configure:23468: $? = 255
configure:23457: /usr/bin/mpxlf90_r -v >&5
/usr/bin/xlf90_r  -v  -q64 -I/opt/ibmhpc/pecurrent/pempi/include -I/opt/ibmhpc/pecurrent/pempi/include/thread64 -I/opt/ibmhpc/pecurrent/ppe.pami/include64 -I/opt/ibmhpc/pecurrent/ppe.pami/dev/include -I/opt/ibmhpc/pecurrent/pempi/include/xlfmod64 -I/opt/ibmhpc/pecurrent/ppe.poe/include  -L/opt/ibmhpc/pecurrent/ppe.pami/lib -lpami_r -L/opt/ibmhpc/pecurrent/ppe.poe/lib -binitfini:poe_remote_main -lpoe_r -L/opt/ibmhpc/pecurrent/pempi/xl/lib -lmpi_r -lpthreads 
exec: export(export,XL_CONFIG=/etc/xlf.cfg.71:xlf90_r,NULL) 
exec: /bin/ld(ld,-b64,/lib/crt0_64.o,-bpT:0x100000000,-bpD:0x110000000,-bh:4,-L/opt/ibmhpc/pecurrent/ppe.pami/lib,-lpami_r,-L/opt/ibmhpc/pecurrent/ppe.poe/lib,-binitfini:poe_remote_main,-lpoe_r,-L/opt/ibmhpc/pecurrent/pempi/xl/lib,-lmpi_r,-lpthreads,-lxlf90,-L/usr/lpp/xlf/lib,-lxlopt,-lxlipa,-lxlf,-lxlomp_ser,-lpthreads,-lm,-lc,NULL)  |
exec: /bin/awk(/bin/awk,BEGIN{a=0;b=0;s=""};{if(($0!~/.*-224.*@TP.*/)&&($0!~/.*-34[45].*loadmap.*/||b==1||a==0)){b=1;print $0;}else{a=1;if((s=="")&& $0 ~ /.*-34[45].*loadmap.*/){s=$0}}};END{if(b==1 && s!=""){print s}},NULL) 
unlink: /scratch/optf.10879378_Tazia
unlink: /scratch/version.10879378_Sazib
ld: 0711-317 ERROR: Undefined symbol: .main
ld: 0711-345 Use the -bloadmap or -bnoquiet option to obtain more information.
configure:23468: $? = 8
configure:23457: /usr/bin/mpxlf90_r -V >&5
export XL_CONFIG=/etc/xlf.cfg.71:xlf90_r 
/bin/ld -b64 /lib/crt0_64.o -bpT:0x100000000 -bpD:0x110000000 -bh:4 -L/opt/ibmhpc/pecurrent/ppe.pami/lib -lpami_r -L/opt/ibmhpc/pecurrent/ppe.poe/lib -binitfini:poe_remote_main -lpoe_r -L/opt/ibmhpc/pecurrent/pempi/xl/lib -lmpi_r -lpthreads -lxlf90 -L/usr/lpp/xlf/lib -lxlopt -lxlipa -lxlf -lxlomp_ser -lpthreads -lm -lc  |
/bin/awk 'BEGIN{a=0;b=0;s=""};{if(($0!~/.*-224.*@TP.*/)&&($0!~/.*-34[45].*loadmap.*/||b==1||a==0)){b=1;print $0;}else{a=1;if((s=="")&& $0 ~ /.*-34[45].*loadmap.*/){s=$0}}};END{if(b==1 && s!=""){print s}}' 
rm /scratch/optf.7275510j-a-ya
rm /scratch/version.7275510j-a-yb
ld: 0711-317 ERROR: Undefined symbol: .main
ld: 0711-345 Use the -bloadmap or -bnoquiet option to obtain more information.
configure:23468: $? = 8
configure:23457: /usr/bin/mpxlf90_r -qversion >&5
IBM XL Fortran for AIX, V14.1 (5765-J04, 5725-C74)
Version: 14.01.0000.0002
configure:23468: $? = 0
configure:23477: checking whether we are using the GNU Fortran compiler
configure:23490: /usr/bin/mpxlf90_r -c   conftest.F >&5
"conftest.F", line 3.14: 1515-019 (S) Syntax is incorrect.
** main   === End of Compilation 1 ===
1501-511  Compilation failed for file conftest.F.
configure:23490: $? = 1
configure: failed program was:
|       program main
| #ifndef __GNUC__
|        choke me
| #endif
| 
|       end
configure:23499: result: no
configure:23505: checking whether /usr/bin/mpxlf90_r accepts -g
configure:23516: /usr/bin/mpxlf90_r -c -g  conftest.f >&5
** main   === End of Compilation 1 ===
1501-510  Compilation successful for file conftest.f.
configure:23516: $? = 0
configure:23524: result: yes
configure:23656: checking if libtool supports shared libraries
configure:23658: result: no
configure:23661: checking whether to build shared libraries
configure:23685: result: no
configure:23688: checking whether to build static libraries
configure:23692: result: yes
configure:23726: /usr/bin/mpxlf90_r -c -g  conftest.f >&5
** foo   === End of Compilation 1 ===
1501-510  Compilation successful for file conftest.f.
configure:23729: $? = 0
configure:24213: checking for /usr/bin/mpxlf90_r option to produce PIC
configure:24220: result: 
configure:24286: checking if /usr/bin/mpxlf90_r static flag -bnso -bI:/lib/syscalls.exp works
configure:24314: result: no
configure:24326: checking if /usr/bin/mpxlf90_r supports -c -o file.o
configure:24347: /usr/bin/mpxlf90_r -c -g -o out/conftest2.o  conftest.f >&5
** t   === End of Compilation 1 ===
1501-510  Compilation successful for file conftest.f.
configure:24351: $? = 0
configure:24373: result: yes
configure:24378: checking if /usr/bin/mpxlf90_r supports -c -o file.o
configure:24425: result: yes
configure:24455: checking whether the /usr/bin/mpxlf90_r linker (/usr/bin/ld) supports shared libraries
configure:25667: result: no
configure:25808: checking dynamic linker characteristics
configure:26547: result: no
configure:26612: checking how to hardcode library paths into programs
configure:26637: result: unsupported
configure:26675: checking how to get verbose linking output from /usr/bin/mpxlf90_r
configure:26685: /usr/bin/mpxlf90_r -c -g  conftest.f >&5
** main   === End of Compilation 1 ===
1501-510  Compilation successful for file conftest.f.
configure:26685: $? = 0
configure:26703: /usr/bin/mpxlf90_r -o conftest -g -v conftest.f
/usr/bin/xlf90_r  -o  conftest  -g  -v  conftest.f  -q64 -I/opt/ibmhpc/pecurrent/pempi/include -I/opt/ibmhpc/pecurrent/pempi/include/thread64 -I/opt/ibmhpc/pecurrent/ppe.pami/include64 -I/opt/ibmhpc/pecurrent/ppe.pami/dev/include -I/opt/ibmhpc/pecurrent/pempi/include/xlfmod64 -I/opt/ibmhpc/pecurrent/ppe.poe/include  -L/opt/ibmhpc/pecurrent/ppe.pami/lib -lpami_r -L/opt/ibmhpc/pecurrent/ppe.poe/lib -binitfini:poe_remote_main -lpoe_r -L/opt/ibmhpc/pecurrent/pempi/xl/lib -lmpi_r -lpthreads 
exec: export(export,XL_CONFIG=/etc/xlf.cfg.71:xlf90_r,NULL) 
exec: export(export,XL_DIS=/usr/lpp/xlf/bin/dis -o "conftest" "conftest.o",NULL) 
exec: /usr/lpp/xlf/bin/xlfentry(/usr/lpp/xlf/bin/xlfentry,conftest.f,/scratch/F86816442nLaHEd,/scratch/F86816442nLaHEdF.lst,xlfsmsg.cat,xlfmsg.cat,conftest.f,OSVAR(aix.7.1),XLF90(noautodealloc,nosignedzero,oldpad),FREE(f90),THREADED,XLF2003(nopolymorphic,nobozlitargs,nostopexcept,novolatile,noautorealloc,oldnaninf),XLF2008(nocheckpresence),64(largetype),SAVEOPTFILE(/scratch/optf.6816442nKaHEa),SAVEVERSIONFILE(/scratch/version.6816442nLaHEb),DBG,64,-I/opt/ibmhpc/pecurrent/pempi/include,-I/opt/ibmhpc/pecurrent/pempi/include/thread64,-I/opt/ibmhpc/pecurrent/ppe.pami/include64,-I/opt/ibmhpc/pecurrent/ppe.pami/dev/include,-I/opt/ibmhpc/pecurrent/pempi/include/xlfmod64,-I/opt/ibmhpc/pecurrent/ppe.poe/include,WSTREAMS(/scratch/F86816442nLaHEch1,/scratch/F86816442nLaHEcb1,/scratch/F86816442nLaHEcs1),DEFMSG(/usr/lpp/xlf/bin/default_msg),-I/usr/lpp/xlf/include,NULL) 
** main   === End of Compilation 1 ===
exec: export(export,XL_FRONTEND=/usr/lpp/xlf/bin/xlfentry,NULL) 
exec: export(export,XL_ASTI=/usr/lpp/xlf/bin/xlfhot,NULL) 
exec: export(export,XL_BACKEND=/usr/lpp/xlf/bin/xlfcode,NULL) 
exec: export(export,XL_LINKER=/bin/ld,NULL) 
exec: export(export,XL_BOLT=/usr/lpp/xlf/bin/bolt,NULL) 
exec: /usr/lpp/xlf/bin/xlfhot(/usr/lpp/xlf/bin/xlfhot,/scratch/F86816442nLaHEch1,/scratch/F86816442nLaHEch2,/scratch/F86816442nLaHEcb1,/scratch/F86816442nLaHEcb2,/scratch/F86816442nLaHEcs1,/scratch/F86816442nLaHEcs2,/scratch/F86816442nLaHEd,/scratch/F86816442nLaHEdA.lst,NULL) 
exec: export(export,XL_FRONTEND=/usr/lpp/xlf/bin/xlfentry,NULL) 
exec: export(export,XL_ASTI=/usr/lpp/xlf/bin/xlfhot,NULL) 
exec: export(export,XL_BACKEND=/usr/lpp/xlf/bin/xlfcode,NULL) 
exec: export(export,XL_LINKER=/bin/ld,NULL) 
exec: export(export,XL_BOLT=/usr/lpp/xlf/bin/bolt,NULL) 
exec: /usr/lpp/xlf/bin/xlfcode(/usr/lpp/xlf/bin/xlfcode,/scratch/F86816442nLaHEch2,/scratch/F86816442nLaHEcb2,conftest.o,/scratch/F86816442nLaHEdB.lst,/scratch/F86816442nLaHEcs2,NULL) 
1501-510  Compilation successful for file conftest.f.
exec: /bin/ld(ld,-b64,/lib/crt0_64.o,-bpT:0x100000000,-bpD:0x110000000,-bh:4,-o,conftest,conftest.o,-L/opt/ibmhpc/pecurrent/ppe.pami/lib,-lpami_r,-L/opt/ibmhpc/pecurrent/ppe.poe/lib,-binitfini:poe_remote_main,-lpoe_r,-L/opt/ibmhpc/pecurrent/pempi/xl/lib,-lmpi_r,-lpthreads,-lxlf90,-L/usr/lpp/xlf/lib,-lxlopt,-lxlipa,-lxlf,-lxlomp_ser,-lpthreads,-lm,-lc,NULL)  |
exec: /bin/awk(/bin/awk,BEGIN{a=0;b=0;s=""};{if(($0!~/.*-224.*@TP.*/)&&($0!~/.*-34[45].*loadmap.*/||b==1||a==0)){b=1;print $0;}else{a=1;if((s=="")&& $0 ~ /.*-34[45].*loadmap.*/){s=$0}}};END{if(b==1 && s!=""){print s}},NULL) 
unlink: /scratch/optf.6816442nKaHEa
unlink: conftest.o
configure:26786: result: -v
configure:26788: checking for Fortran libraries of /usr/bin/mpxlf90_r
configure:26811: /usr/bin/mpxlf90_r -o conftest -g -v conftest.f
/usr/bin/xlf90_r  -o  conftest  -g  -v  conftest.f  -q64 -I/opt/ibmhpc/pecurrent/pempi/include -I/opt/ibmhpc/pecurrent/pempi/include/thread64 -I/opt/ibmhpc/pecurrent/ppe.pami/include64 -I/opt/ibmhpc/pecurrent/ppe.pami/dev/include -I/opt/ibmhpc/pecurrent/pempi/include/xlfmod64 -I/opt/ibmhpc/pecurrent/ppe.poe/include  -L/opt/ibmhpc/pecurrent/ppe.pami/lib -lpami_r -L/opt/ibmhpc/pecurrent/ppe.poe/lib -binitfini:poe_remote_main -lpoe_r -L/opt/ibmhpc/pecurrent/pempi/xl/lib -lmpi_r -lpthreads 
exec: export(export,XL_CONFIG=/etc/xlf.cfg.71:xlf90_r,NULL) 
exec: export(export,XL_DIS=/usr/lpp/xlf/bin/dis -o "conftest" "conftest.o",NULL) 
exec: /usr/lpp/xlf/bin/xlfentry(/usr/lpp/xlf/bin/xlfentry,conftest.f,/scratch/F84522626pvaEid,/scratch/F84522626pvaEidF.lst,xlfsmsg.cat,xlfmsg.cat,conftest.f,OSVAR(aix.7.1),XLF90(noautodealloc,nosignedzero,oldpad),FREE(f90),THREADED,XLF2003(nopolymorphic,nobozlitargs,nostopexcept,novolatile,noautorealloc,oldnaninf),XLF2008(nocheckpresence),64(largetype),SAVEOPTFILE(/scratch/optf.4522626ppaEia),SAVEVERSIONFILE(/scratch/version.4522626pvaEib),DBG,64,-I/opt/ibmhpc/pecurrent/pempi/include,-I/opt/ibmhpc/pecurrent/pempi/include/thread64,-I/opt/ibmhpc/pecurrent/ppe.pami/include64,-I/opt/ibmhpc/pecurrent/ppe.pami/dev/include,-I/opt/ibmhpc/pecurrent/pempi/include/xlfmod64,-I/opt/ibmhpc/pecurrent/ppe.poe/include,WSTREAMS(/scratch/F84522626pvaEich1,/scratch/F84522626pvaEicb1,/scratch/F84522626pvaEics1),DEFMSG(/usr/lpp/xlf/bin/default_msg),-I/usr/lpp/xlf/include,NULL) 
** main   === End of Compilation 1 ===
exec: export(export,XL_FRONTEND=/usr/lpp/xlf/bin/xlfentry,NULL) 
exec: export(export,XL_ASTI=/usr/lpp/xlf/bin/xlfhot,NULL) 
exec: export(export,XL_BACKEND=/usr/lpp/xlf/bin/xlfcode,NULL) 
exec: export(export,XL_LINKER=/bin/ld,NULL) 
exec: export(export,XL_BOLT=/usr/lpp/xlf/bin/bolt,NULL) 
exec: /usr/lpp/xlf/bin/xlfhot(/usr/lpp/xlf/bin/xlfhot,/scratch/F84522626pvaEich1,/scratch/F84522626pvaEich2,/scratch/F84522626pvaEicb1,/scratch/F84522626pvaEicb2,/scratch/F84522626pvaEics1,/scratch/F84522626pvaEics2,/scratch/F84522626pvaEid,/scratch/F84522626pvaEidA.lst,NULL) 
exec: export(export,XL_FRONTEND=/usr/lpp/xlf/bin/xlfentry,NULL) 
exec: export(export,XL_ASTI=/usr/lpp/xlf/bin/xlfhot,NULL) 
exec: export(export,XL_BACKEND=/usr/lpp/xlf/bin/xlfcode,NULL) 
exec: export(export,XL_LINKER=/bin/ld,NULL) 
exec: export(export,XL_BOLT=/usr/lpp/xlf/bin/bolt,NULL) 
exec: /usr/lpp/xlf/bin/xlfcode(/usr/lpp/xlf/bin/xlfcode,/scratch/F84522626pvaEich2,/scratch/F84522626pvaEicb2,conftest.o,/scratch/F84522626pvaEidB.lst,/scratch/F84522626pvaEics2,NULL) 
1501-510  Compilation successful for file conftest.f.
exec: /bin/ld(ld,-b64,/lib/crt0_64.o,-bpT:0x100000000,-bpD:0x110000000,-bh:4,-o,conftest,conftest.o,-L/opt/ibmhpc/pecurrent/ppe.pami/lib,-lpami_r,-L/opt/ibmhpc/pecurrent/ppe.poe/lib,-binitfini:poe_remote_main,-lpoe_r,-L/opt/ibmhpc/pecurrent/pempi/xl/lib,-lmpi_r,-lpthreads,-lxlf90,-L/usr/lpp/xlf/lib,-lxlopt,-lxlipa,-lxlf,-lxlomp_ser,-lpthreads,-lm,-lc,NULL)  |
exec: /bin/awk(/bin/awk,BEGIN{a=0;b=0;s=""};{if(($0!~/.*-224.*@TP.*/)&&($0!~/.*-34[45].*loadmap.*/||b==1||a==0)){b=1;print $0;}else{a=1;if((s=="")&& $0 ~ /.*-34[45].*loadmap.*/){s=$0}}};END{if(b==1 && s!=""){print s}},NULL) 
unlink: /scratch/optf.4522626ppaEia
unlink: conftest.o
configure:27007: result:  -L/opt/ibmhpc/pecurrent/ppe.pami/lib -lpami_r -L/opt/ibmhpc/pecurrent/ppe.poe/lib -lpoe_r -L/opt/ibmhpc/pecurrent/pempi/xl/lib -lmpi_r -lpthreads -lxlf90 -L/usr/lpp/xlf/lib -lxlopt -lxlipa -lxlf -lxlomp_ser -lm
configure:27020: checking if mpi.mod is available
configure:27032: /usr/bin/mpxlf90_r -c -g  conftest.f >&5
** main   === End of Compilation 1 ===
1501-510  Compilation successful for file conftest.f.
configure:27032: $? = 0
configure:27039: result: yes
configure:27041: checking if /usr/bin/mpxlf90_r is a valid MPI compiler
configure:27052: /usr/bin/mpxlf90_r -c -g  conftest.f >&5
** main   === End of Compilation 1 ===
1501-510  Compilation successful for file conftest.f.
configure:27052: $? = 0
configure:27082: result: yes
configure:27147: checking for Fortran flag needed to accept free-form source
configure:27166: /usr/bin/mpxlf_r -c -g  conftest.f >&5
"conftest.f", line 2.0: 1515-005 (S) Continuation line is not permitted at beginning of program or after INCLUDE, EJECT, @PROCESS statements or comment directive.  Line is ignored.
"conftest.f", line 4.27: 1515-019 (S) Syntax is incorrect.
"conftest.f", line 4.27: 1515-018 (S) Incorrect character found in source at line 4 in column 27.  Hexadecimal value of character is 26.
"conftest.f", line 5.11: 1515-019 (S) Syntax is incorrect.
** _main   === End of Compilation 1 ===
1501-511  Compilation failed for file conftest.f.
configure:27166: $? = 1
configure: failed program was:
| 
|   program freeform
|        ! FIXME: how to best confuse non-freeform compilers?
|        print *, 'Hello ', &
|           'world.'
|        end
configure:27166: /usr/bin/mpxlf_r -c -g -ffree-form  conftest.f >&5
"conftest.f", line 2.0: 1515-005 (S) Continuation line is not permitted at beginning of program or after INCLUDE, EJECT, @PROCESS statements or comment directive.  Line is ignored.
"conftest.f", line 4.27: 1515-019 (S) Syntax is incorrect.
"conftest.f", line 4.27: 1515-018 (S) Incorrect character found in source at line 4 in column 27.  Hexadecimal value of character is 26.
"conftest.f", line 5.11: 1515-019 (S) Syntax is incorrect.
** _main   === End of Compilation 1 ===
1501-511  Compilation failed for file conftest.f.
configure:27166: $? = 1
configure: failed program was:
| 
|   program freeform
|        ! FIXME: how to best confuse non-freeform compilers?
|        print *, 'Hello ', &
|           'world.'
|        end
configure:27166: /usr/bin/mpxlf_r -c -g -FR  conftest.f >&5
/usr/bin/xlf_r: 1501-238 (S) configuration file R does not exist
configure:27166: $? = 41
configure: failed program was:
| 
|   program freeform
|        ! FIXME: how to best confuse non-freeform compilers?
|        print *, 'Hello ', &
|           'world.'
|        end
configure:27166: /usr/bin/mpxlf_r -c -g -free  conftest.f >&5
"conftest.f", line 2.0: 1515-005 (S) Continuation line is not permitted at beginning of program or after INCLUDE, EJECT, @PROCESS statements or comment directive.  Line is ignored.
"conftest.f", line 4.27: 1515-019 (S) Syntax is incorrect.
"conftest.f", line 4.27: 1515-018 (S) Incorrect character found in source at line 4 in column 27.  Hexadecimal value of character is 26.
"conftest.f", line 5.11: 1515-019 (S) Syntax is incorrect.
** _main   === End of Compilation 1 ===
1501-511  Compilation failed for file conftest.f.
configure:27166: $? = 1
configure: failed program was:
| 
|   program freeform
|        ! FIXME: how to best confuse non-freeform compilers?
|        print *, 'Hello ', &
|           'world.'
|        end
configure:27166: /usr/bin/mpxlf_r -c -g -qfree=f90  conftest.f >&5
** freeform   === End of Compilation 1 ===
1501-510  Compilation successful for file conftest.f.
configure:27166: $? = 0
configure:27175: result: -qfree=f90
configure:27219: checking for Fortran flag to compile preprocessed .F files
configure:27244: /usr/bin/mpxlf90_r -c -g  conftest.F >&5
** main   === End of Compilation 1 ===
1501-510  Compilation successful for file conftest.F.
configure:27244: $? = 0
configure:27254: /usr/bin/mpxlf90_r -c -g  conftest.F >&5
"conftest.F", line 4.10: 1506-296 (S) #include file <ac_nonexistent.h> not found.
1501-511  Compilation failed for file conftest.F.
configure:27254: $? = 1
configure: failed program was:
|       program main
| 
| #if 1
| #include <ac_nonexistent.h>
|       choke me
| #endif
|       end
configure:27267: result: none
configure:27292: checking for Fortran flag to compile preprocessed .F90 files
configure:27317: /usr/bin/mpxlf90_r -c -g  conftest.F90 >&5
** main   === End of Compilation 1 ===
1501-510  Compilation successful for file conftest.F90.
configure:27317: $? = 0
configure:27327: /usr/bin/mpxlf90_r -c -g  conftest.F90 >&5
"conftest.F90", line 4.10: 1506-296 (S) #include file <ac_nonexistent.h> not found.
1501-511  Compilation failed for file conftest.F90.
configure:27327: $? = 1
configure: failed program was:
|       program main
| 
| #if 1
| #include <ac_nonexistent.h>
|       choke me
| #endif
|       end
configure:27340: result: none
configure:27371: checking for Fortran flag to compile preprocessed .F files
configure:27419: result: none
configure:27440: checking how to define symbols for preprocessed Fortran
configure:27462: /usr/bin/mpxlf90_r -c -g -DFOOBAR -DZORK=42  conftest.F >&5
/usr/bin/xlf90_r: 1501-238 (S) configuration file OOBAR does not exist
configure:27462: $? = 41
configure: failed program was:
|       program main
| 
| #ifndef FOOBAR
|       choke me
| #endif
| #if ZORK != 42
|       choke me
| #endif
|       end
configure:27462: /usr/bin/mpxlf90_r -c -g -WF,-DFOOBAR -WF,-DZORK=42  conftest.F >&5
** main   === End of Compilation 1 ===
1501-510  Compilation successful for file conftest.F.
configure:27462: $? = 0
configure:27471: result: -WF,-D
configure:27492: checking for Fortran flag to compile .f files
configure:27512: /usr/bin/mpxlf90_r -c -g  conftest.f >&5
** main   === End of Compilation 1 ===
1501-510  Compilation successful for file conftest.f.
configure:27512: $? = 0
configure:27521: result: none
configure:27547: checking for Fortran flag to compile .F files
configure:27567: /usr/bin/mpxlf90_r -c -g  conftest.F >&5
** main   === End of Compilation 1 ===
1501-510  Compilation successful for file conftest.F.
configure:27567: $? = 0
configure:27576: result: none
configure:27602: checking for Fortran flag to compile .f90 files
configure:27622: /usr/bin/mpxlf90_r -c -g  conftest.f90 >&5
** main   === End of Compilation 1 ===
1501-510  Compilation successful for file conftest.f90.
configure:27622: $? = 0
configure:27631: result: none
configure:27657: checking for Fortran flag to compile .F90 files
configure:27677: /usr/bin/mpxlf90_r -c -g  conftest.F90 >&5
** main   === End of Compilation 1 ===
1501-510  Compilation successful for file conftest.F90.
configure:27677: $? = 0
configure:27686: result: none
configure:27713: checking for Fortran flag needed to accept fixed-form source
configure:27730: /usr/bin/mpxlf90_r -c -g  conftest.F90 >&5
"conftest.F90", line 2.7: 1515-019 (S) Syntax is incorrect.
"conftest.F90", 1515-002 (S) END card is missing.  One is assumed.
** _main   === End of Compilation 1 ===
** main   === End of Compilation 2 ===
1501-511  Compilation failed for file conftest.F90.
configure:27730: $? = 1
configure: failed program was:
| 
| C     This comment should confuse free-form compilers.
|       program main
|       end
configure:27730: /usr/bin/mpxlf90_r -c -g -ffixed-form  conftest.F90 >&5
"conftest.F90", line 2.7: 1515-019 (S) Syntax is incorrect.
"conftest.F90", 1515-002 (S) END card is missing.  One is assumed.
** _main   === End of Compilation 1 ===
** main   === End of Compilation 2 ===
1501-511  Compilation failed for file conftest.F90.
configure:27730: $? = 1
configure: failed program was:
| 
| C     This comment should confuse free-form compilers.
|       program main
|       end
configure:27730: /usr/bin/mpxlf90_r -c -g -fixed  conftest.F90 >&5
"conftest.F90", line 2.7: 1515-019 (S) Syntax is incorrect.
"conftest.F90", 1515-002 (S) END card is missing.  One is assumed.
** _main   === End of Compilation 1 ===
** main   === End of Compilation 2 ===
1501-511  Compilation failed for file conftest.F90.
configure:27730: $? = 1
configure: failed program was:
| 
| C     This comment should confuse free-form compilers.
|       program main
|       end
configure:27730: /usr/bin/mpxlf90_r -c -g -qfixed  conftest.F90 >&5
** main   === End of Compilation 1 ===
1501-510  Compilation successful for file conftest.F90.
configure:27730: $? = 0
configure:27739: result: -qfixed
configure:27771: checking for dummy main to link with Fortran libraries
configure:27805: /usr/bin/mpcc_r -o conftest -g   conftest.c   -L/opt/ibmhpc/pecurrent/ppe.pami/lib -lpami_r -L/opt/ibmhpc/pecurrent/ppe.poe/lib -lpoe_r -L/opt/ibmhpc/pecurrent/pempi/xl/lib -lmpi_r -lpthreads -lxlf90 -L/usr/lpp/xlf/lib -lxlopt -lxlipa -lxlf -lxlomp_ser -lm >&5
configure:27805: $? = 0
configure:27850: result: none
configure:27883: checking for Fortran name-mangling scheme
configure:27896: /usr/bin/mpxlf90_r -c -g  conftest.F90 >&5
** foobar   === End of Compilation 1 ===
** foo_bar   === End of Compilation 2 ===
1501-510  Compilation successful for file conftest.F90.
configure:27896: $? = 0
configure:27937: /usr/bin/mpcc_r -o conftest -g   conftest.c cfortran_test.o   -L/opt/ibmhpc/pecurrent/ppe.pami/lib -lpami_r -L/opt/ibmhpc/pecurrent/ppe.poe/lib -lpoe_r -L/opt/ibmhpc/pecurrent/pempi/xl/lib -lmpi_r -lpthreads -lxlf90 -L/usr/lpp/xlf/lib -lxlopt -lxlipa -lxlf -lxlomp_ser -lm >&5
configure:27937: $? = 0
configure:27995: /usr/bin/mpcc_r -o conftest -g   conftest.c cfortran_test.o   -L/opt/ibmhpc/pecurrent/ppe.pami/lib -lpami_r -L/opt/ibmhpc/pecurrent/ppe.poe/lib -lpoe_r -L/opt/ibmhpc/pecurrent/pempi/xl/lib -lmpi_r -lpthreads -lxlf90 -L/usr/lpp/xlf/lib -lxlopt -lxlipa -lxlf -lxlomp_ser -lm >&5
configure:27995: $? = 0
configure:28037: result: lower case, no underscore, no extra underscore
configure:28127: checking if Fortran compiler is NAG

## ---------------- ##
## Cache variables. ##
## ---------------- ##

ac_cv_CHECK_MPI_CPP_SEEK_SET=no
ac_cv_build=powerpc-ibm-aix7.1.2.0
ac_cv_c_compiler_gnu=no
ac_cv_cxx_compiler_gnu=no
ac_cv_env_CCC_set=''
ac_cv_env_CCC_value=''
ac_cv_env_CC_set=set
ac_cv_env_CC_value=xlc
ac_cv_env_CFLAGS_set=''
ac_cv_env_CFLAGS_value=''
ac_cv_env_CPPFLAGS_set=''
ac_cv_env_CPPFLAGS_value=''
ac_cv_env_CPP_set=''
ac_cv_env_CPP_value=''
ac_cv_env_CXXCPP_set=''
ac_cv_env_CXXCPP_value=''
ac_cv_env_CXXFLAGS_set=''
ac_cv_env_CXXFLAGS_value=''
ac_cv_env_CXX_set=set
ac_cv_env_CXX_value=xlc++
ac_cv_env_F77_set=set
ac_cv_env_F77_value=xlf
ac_cv_env_FCFLAGS_set=''
ac_cv_env_FCFLAGS_value=''
ac_cv_env_FC_set=set
ac_cv_env_FC_value=xlf
ac_cv_env_FFLAGS_set=''
ac_cv_env_FFLAGS_value=''
ac_cv_env_GCOV_set=''
ac_cv_env_GCOV_value=''
ac_cv_env_LDFLAGS_set=''
ac_cv_env_LDFLAGS_value=''
ac_cv_env_LIBS_set=''
ac_cv_env_LIBS_value=''
ac_cv_env_LT_SYS_LIBRARY_PATH_set=''
ac_cv_env_LT_SYS_LIBRARY_PATH_value=''
ac_cv_env_MPICC_set=set
ac_cv_env_MPICC_value=mpcc_r
ac_cv_env_MPICXX_set=set
ac_cv_env_MPICXX_value=mpCC_r
ac_cv_env_MPIF77_set=set
ac_cv_env_MPIF77_value=mpxlf_r
ac_cv_env_MPIF90_set=set
ac_cv_env_MPIF90_value=mpxlf90_r
ac_cv_env_RM_set=''
ac_cv_env_RM_value=''
ac_cv_env_TESTMPIRUN_set=''
ac_cv_env_TESTMPIRUN_value=''
ac_cv_env_TESTOUTDIR_set=''
ac_cv_env_TESTOUTDIR_value=''
ac_cv_env_TESTSEQRUN_set=''
ac_cv_env_TESTSEQRUN_value=''
ac_cv_env_build_alias_set=''
ac_cv_env_build_alias_value=''
ac_cv_env_host_alias_set=set
ac_cv_env_host_alias_value=power
ac_cv_env_target_alias_set=''
ac_cv_env_target_alias_value=''
ac_cv_f77_compiler_gnu=no
ac_cv_f77_libs=' -L/opt/ibmhpc/pecurrent/ppe.pami/xl/lib -lpami_r -L/opt/ibmhpc/pecurrent/ppe.poe/lib -lpoe_r -L/opt/ibmhpc/pecurrent/pempi/xl/lib -lmpi_r -lpthreads -lxlf90 -L/usr/lpp/xlf/lib -lxlopt -lxlipa -lxlf -lxlomp_ser -lm'
ac_cv_fc_compiler_gnu=no
ac_cv_fc_compiler_nag=no
ac_cv_fc_dummy_main=none
ac_cv_fc_fixedform=-qfixed
ac_cv_fc_freeform=-qfree=f90
ac_cv_fc_libs=' -L/opt/ibmhpc/pecurrent/ppe.pami/lib -lpami_r -L/opt/ibmhpc/pecurrent/ppe.poe/lib -lpoe_r -L/opt/ibmhpc/pecurrent/pempi/xl/lib -lmpi_r -lpthreads -lxlf90 -L/usr/lpp/xlf/lib -lxlopt -lxlipa -lxlf -lxlomp_ser -lm'
ac_cv_fc_mangling='lower case, no underscore, no extra underscore'
ac_cv_fc_pp_define=-WF,-D
ac_cv_fc_pp_srcext_F90=none
ac_cv_fc_pp_srcext_F=none
ac_cv_fc_srcext_F90=none
ac_cv_fc_srcext_F=none
ac_cv_fc_srcext_f90=none
ac_cv_fc_srcext_f=none
ac_cv_fortran_dummy_main=none
ac_cv_func_MPI_Comm_rank=yes
ac_cv_func_MPI_File_close=yes
ac_cv_func_MPI_File_open=yes
ac_cv_header_dlfcn_h=yes
ac_cv_header_inttypes_h=yes
ac_cv_header_memory_h=yes
ac_cv_header_stdc=yes
ac_cv_header_stdint_h=yes
ac_cv_header_stdlib_h=yes
ac_cv_header_string_h=yes
ac_cv_header_strings_h=yes
ac_cv_header_sys_stat_h=yes
ac_cv_header_sys_types_h=yes
ac_cv_header_unistd_h=yes
ac_cv_host=power-ibm-aix
ac_cv_objext=o
ac_cv_path_EGREP='/usr/bin/grep -E'
ac_cv_path_FGREP='/usr/bin/grep -F'
ac_cv_path_GREP=/usr/bin/grep
ac_cv_path_SED=/usr/bin/sed
ac_cv_path_ac_mpi_prog_MPICC=/usr/bin/mpcc_r
ac_cv_path_ac_mpi_prog_MPICXX=/usr/bin/mpCC_r
ac_cv_path_ac_mpi_prog_MPIF77=/usr/bin/mpxlf_r
ac_cv_path_ac_mpi_prog_MPIF90=/usr/bin/mpxlf90_r
ac_cv_path_install='/opt/freeware/bin/install -c'
ac_cv_path_lt_DD=/usr/bin/dd
ac_cv_path_mkdir=/opt/freeware/bin/mkdir
ac_cv_prog_AWK=gawk
ac_cv_prog_CC=/usr/bin/mpcc_r
ac_cv_prog_CPP='/usr/bin/mpcc_r -E'
ac_cv_prog_CXXCPP='/usr/bin/mpCC_r -E'
ac_cv_prog_F77=/usr/bin/mpxlf_r
ac_cv_prog_FC=/usr/bin/mpxlf90_r
ac_cv_prog_STRIP=strip
ac_cv_prog_ac_ct_AR=ar
ac_cv_prog_ac_ct_DUMPBIN='link -dump'
ac_cv_prog_ac_ct_MANIFEST_TOOL=mt
ac_cv_prog_ac_ct_OBJDUMP=objdump
ac_cv_prog_ac_ct_RANLIB=ranlib
ac_cv_prog_ac_ct_STRIP=strip
ac_cv_prog_cc_c89=''
ac_cv_prog_cc_g=yes
ac_cv_prog_cxx_g=yes
ac_cv_prog_f77_g=yes
ac_cv_prog_f77_v=-v
ac_cv_prog_fc_g=yes
ac_cv_prog_fc_v=-v
ac_cv_prog_make_make_set=yes
ac_cv_sys_file_offset_bits=no
ac_cv_sys_largefile_CC=no
am_cv_CC_dependencies_compiler_type=xlc
am_cv_CXX_dependencies_compiler_type=xlc
am_cv_make_support_nested_variables=yes
am_cv_prog_cc_c_o=yes
lt_cv_ar_at_file=no
lt_cv_deplibs_check_method=unknown
lt_cv_file_magic_cmd='$MAGIC_CMD'
lt_cv_file_magic_test_file=''
lt_cv_ld_reload_flag=-r
lt_cv_nm_interface='BSD nm'
lt_cv_objdir=.libs
lt_cv_path_LD=/usr/bin/ld
lt_cv_path_LDCXX=''
lt_cv_path_NM=no
lt_cv_path_mainfest_tool=no
lt_cv_prog_compiler_c_o=yes
lt_cv_prog_compiler_c_o_CXX=yes
lt_cv_prog_compiler_c_o_F77=yes
lt_cv_prog_compiler_c_o_FC=yes
lt_cv_prog_compiler_pic=' -DPIC'
lt_cv_prog_compiler_pic_CXX=' -DPIC'
lt_cv_prog_compiler_pic_F77=''
lt_cv_prog_compiler_pic_FC=''
lt_cv_prog_compiler_pic_works=yes
lt_cv_prog_compiler_pic_works_CXX=yes
lt_cv_prog_compiler_static_works=no
lt_cv_prog_compiler_static_works_CXX=yes
lt_cv_prog_compiler_static_works_F77=no
lt_cv_prog_compiler_static_works_FC=no
lt_cv_prog_gnu_ld=no
lt_cv_prog_gnu_ldcxx=''
lt_cv_sharedlib_from_linklib_cmd='print -r --'
lt_cv_sys_global_symbol_pipe=''
lt_cv_sys_global_symbol_to_c_name_address='sed -n -e '\''s/^: \(.*\) .*$/  {"\1", (void *) 0},/p'\'' -e '\''s/^[BCDT][BCDT]* .* \(.*\)$/  {"\1", (void *) \&\1},/p'\'
lt_cv_sys_global_symbol_to_c_name_address_lib_prefix='sed -n -e '\''s/^: \(.*\) .*$/  {"\1", (void *) 0},/p'\'' -e '\''s/^[BCDT][BCDT]* .* \(lib.*\)$/  {"\1", (void *) \&\1},/p'\'' -e '\''s/^[BCDT][BCDT]* .* \(.*\)$/  {"lib\1", (void *) \&\1},/p'\'
lt_cv_sys_global_symbol_to_cdecl=''
lt_cv_sys_global_symbol_to_import=''
lt_cv_sys_max_cmd_len=786432
lt_cv_to_host_file_cmd=func_convert_file_noop
lt_cv_to_tool_file_cmd=func_convert_file_noop
lt_cv_truncate_bin='/usr/bin/dd bs=4096 count=1'

## ----------------- ##
## Output variables. ##
## ----------------- ##

ABIVERSION=''
ABIVERSIONFLAGS=''
ACLOCAL='${SHELL} /gza/u/xiaohui/g6/code_test/parallel-netcdf-1.10.0/scripts/missing aclocal-1.14'
AMDEPBACKSLASH='\'
AMDEP_FALSE='#'
AMDEP_TRUE=''
AMTAR='$${TAR-tar}'
AM_BACKSLASH='\'
AM_DEFAULT_V='$(AM_DEFAULT_VERBOSITY)'
AM_DEFAULT_VERBOSITY='0'
AM_V='$(V)'
AR='ar'
AUTOCONF='${SHELL} /gza/u/xiaohui/g6/code_test/parallel-netcdf-1.10.0/scripts/missing autoconf'
AUTOHEADER='${SHELL} /gza/u/xiaohui/g6/code_test/parallel-netcdf-1.10.0/scripts/missing autoheader'
AUTOMAKE='${SHELL} /gza/u/xiaohui/g6/code_test/parallel-netcdf-1.10.0/scripts/missing automake-1.14'
AWK='gawk'
BUILD_BENCHMARKS_IN_PNETCDF_FALSE=''
BUILD_BENCHMARKS_IN_PNETCDF_TRUE=''
BUILD_COVERAGE_FALSE=''
BUILD_COVERAGE_TRUE=''
BUILD_DOCS_FALSE=''
BUILD_DOCS_TRUE=''
BUILD_DRIVER_BB=''
BUILD_DRIVER_BB_FALSE=''
BUILD_DRIVER_BB_TRUE=''
BUILD_DRIVER_FOO_FALSE=''
BUILD_DRIVER_FOO_TRUE=''
BUILD_SHARED_LIB_FALSE=''
BUILD_SHARED_LIB_TRUE=''
BUILD_TESTSETS_FALSE=''
BUILD_TESTSETS_TRUE=''
CC='/usr/bin/mpcc_r'
CCDEPMODE='depmode=xlc'
CFLAGS='-g'
CONFIGURE_ARGS_CLEAN='--prefix=/gza/u/xiaohui/g6/code_test/PnetCDF --host power'
CONFIG_DATE=''
CPP='/usr/bin/mpcc_r -E'
CPPFLAGS=''
CXX='/usr/bin/mpCC_r'
CXXCPP='/usr/bin/mpCC_r -E'
CXXDEPMODE='depmode=xlc'
CXXFLAGS='-g'
CYGPATH_W='echo'
DECL_MPI_OFFSET_FALSE=''
DECL_MPI_OFFSET_TRUE=''
DEFS=''
DEPDIR='.deps'
DLLTOOL='false'
DSYMUTIL=''
DUMPBIN=':'
DVIPDF=''
ECHO_C='\c'
ECHO_N=''
ECHO_T=''
EGREP='/usr/bin/grep -E'
ENABLE_ERANGE_FILL=''
ENABLE_ERANGE_FILL_FALSE=''
ENABLE_ERANGE_FILL_TRUE=''
ENABLE_LARGE_REQ=''
ENABLE_LARGE_REQ_FALSE=''
ENABLE_LARGE_REQ_TRUE=''
ENABLE_NULL_BYTE_HEADER_PADDING=''
ENABLE_SUBFILING=''
ENABLE_SUBFILING_FALSE=''
ENABLE_SUBFILING_TRUE=''
EXEEXT=''
F77='/usr/bin/mpxlf_r'
FC='/usr/bin/mpxlf90_r'
FCFLAGS='-g'
FCFLAGS_F90=''
FCFLAGS_F=''
FCFLAGS_f90=''
FCFLAGS_f=''
FCLIBS=' -L/opt/ibmhpc/pecurrent/ppe.pami/lib -lpami_r -L/opt/ibmhpc/pecurrent/ppe.poe/lib -lpoe_r -L/opt/ibmhpc/pecurrent/pempi/xl/lib -lmpi_r -lpthreads -lxlf90 -L/usr/lpp/xlf/lib -lxlopt -lxlipa -lxlf -lxlomp_ser -lm'
FC_DEFINE='-WF,-D'
FC_MODEXT=''
FC_MODINC=''
FFIXEDFORMFLAG='-qfixed'
FFLAGS='-g'
FFREEFORMFLAG='-qfree=f90'
FGREP='/usr/bin/grep -F'
FLIBS=' -L/opt/ibmhpc/pecurrent/ppe.pami/xl/lib -lpami_r -L/opt/ibmhpc/pecurrent/ppe.poe/lib -lpoe_r -L/opt/ibmhpc/pecurrent/pempi/xl/lib -lmpi_r -lpthreads -lxlf90 -L/usr/lpp/xlf/lib -lxlopt -lxlipa -lxlf -lxlomp_ser -lm'
GCOV=''
GREP='/usr/bin/grep'
HAS_FORTRAN_FALSE='#'
HAS_FORTRAN_TRUE=''
HAS_LATEX_FALSE=''
HAS_LATEX_TRUE=''
HAS_MPICXX_FALSE='#'
HAS_MPICXX_TRUE=''
HAVE_F77_GNU_INT=''
HAVE_F77_GNU_INT_FALSE=''
HAVE_F77_GNU_INT_TRUE=''
HAVE_F77_INT1=''
HAVE_F77_INT1_FALSE=''
HAVE_F77_INT1_TRUE=''
HAVE_F77_INT2=''
HAVE_F77_INT2_FALSE=''
HAVE_F77_INT2_TRUE=''
HAVE_F77_INT8=''
HAVE_F77_INT8_FALSE=''
HAVE_F77_INT8_TRUE=''
HAVE_F77_SUPPORT_FREEFORM_FALSE='#'
HAVE_F77_SUPPORT_FREEFORM_TRUE=''
HAVE_MPI_MOD_FALSE='#'
HAVE_MPI_MOD_TRUE=''
INSTALL_DATA='${INSTALL} -m 644'
INSTALL_PROGRAM='${INSTALL}'
INSTALL_SCRIPT='${INSTALL}'
INSTALL_STRIP_PROGRAM='$(install_sh) -c -s'
INTENTV=''
IN_PLACE_SWAP=''
IS_BIGENDIAN_FALSE=''
IS_BIGENDIAN_TRUE=''
LATEX=''
LD='/usr/bin/ld'
LDFLAGS=''
LIBOBJS=''
LIBS=''
LIBTOOL='$(SHELL) $(top_builddir)/libtool'
LIPO=''
LN_S='ln -s'
LTLIBOBJS=''
LT_SYS_LIBRARY_PATH=''
M4=''
M4FFLAGS=''
M4FLAGS=''
MAINT=''
MAINTAINER_MODE_FALSE='#'
MAINTAINER_MODE_TRUE=''
MAKEINFO='${SHELL} /gza/u/xiaohui/g6/code_test/parallel-netcdf-1.10.0/scripts/missing makeinfo'
MANIFEST_TOOL=':'
MKDIR_P='/opt/freeware/bin/mkdir -p'
MPICC='/usr/bin/mpcc_r'
MPICXX='/usr/bin/mpCC_r'
MPIF77='/usr/bin/mpxlf_r'
MPIF90='/usr/bin/mpxlf90_r'
NF_INT1_T=''
NF_INT2_T=''
NF_INT8_T=''
NM='nm'
NMEDIT=''
NMFLAGS=''
OBJDUMP='objdump'
OBJEXT='o'
OTOOL64=''
OTOOL=''
PACKAGE='parallel-netcdf'
PACKAGE_BUGREPORT='parallel-netcdf@mcs.anl.gov'
PACKAGE_NAME='parallel-netcdf'
PACKAGE_STRING='parallel-netcdf 1.10.0'
PACKAGE_TARNAME='parallel-netcdf'
PACKAGE_URL=''
PACKAGE_VERSION='1.10.0'
PATH_SEPARATOR=':'
PNETCDF_DEBUG=''
PNETCDF_DEBUG_FALSE=''
PNETCDF_DEBUG_TRUE=''
PNETCDF_PROFILING=''
PNETCDF_PROFILING_FALSE=''
PNETCDF_PROFILING_TRUE=''
PNETCDF_VERSION='1.10.0'
PNETCDF_VERSION_MAJOR='1'
PNETCDF_VERSION_MINOR='10'
PNETCDF_VERSION_PRE=''
PNETCDF_VERSION_SUB='0'
PNF_FILL_INT64=''
PNF_FILL_UINT64=''
PNF_FILL_UINT=''
PNF_INT8_MODIFIER=''
PNF_X_INT8_MAX=''
PNF_X_INT8_MIN=''
PNF_X_UINT8_MAX=''
PNF_X_UINT_MAX=''
RANLIB='ranlib'
RELAX_COORD_BOUND=''
RELAX_COORD_BOUND_FALSE=''
RELAX_COORD_BOUND_TRUE=''
RM='rm'
RUN_LARGE_FILE_TEST_FALSE=''
RUN_LARGE_FILE_TEST_TRUE=''
SED='/usr/bin/sed'
SED_I=''
SEEK_SET_REDEFINED_FALSE=''
SEEK_SET_REDEFINED_TRUE='#'
SEQ_CC=''
SET_MAKE=''
SHELL='/bin/sh'
SIZEOF_MPI_AINT_IS_4_FALSE=''
SIZEOF_MPI_AINT_IS_4_TRUE=''
SIZEOF_MPI_OFFSET=''
STRIP='strip'
TESTMPIRUN=''
TESTOUTDIR=''
TESTSEQRUN=''
UPPER_CASE_MOD_FALSE=''
UPPER_CASE_MOD_TRUE=''
USE_MPIF_HEADER='use mpi, only: MPI_OFFSET_KIND'
VERSION='1.10.0'
ac_ct_AR='ar'
ac_ct_CC=''
ac_ct_CXX=''
ac_ct_DUMPBIN='link -dump'
ac_ct_F77=''
ac_ct_FC=''
ac_cv_c_bigendian=''
ac_empty=''
ac_mpi_prog_MPICC='/usr/bin/mpcc_r'
ac_mpi_prog_MPICXX='/usr/bin/mpCC_r'
ac_mpi_prog_MPIF77='/usr/bin/mpxlf_r'
ac_mpi_prog_MPIF90='/usr/bin/mpxlf90_r'
ac_mpi_prog_TESTMPIRUN=''
am__EXEEXT_FALSE=''
am__EXEEXT_TRUE=''
am__fastdepCC_FALSE=''
am__fastdepCC_TRUE='#'
am__fastdepCXX_FALSE=''
am__fastdepCXX_TRUE='#'
am__include='include'
am__isrc=''
am__leading_dot='.'
am__nodep='_no'
am__quote=''
am__tar='$${TAR-tar} chof - "$$tardir"'
am__untar='$${TAR-tar} xf -'
bindir='${exec_prefix}/bin'
build='powerpc-ibm-aix7.1.2.0'
build_alias=''
build_cpu='powerpc'
build_os='aix7.1.2.0'
build_vendor='ibm'
datadir='${datarootdir}'
datarootdir='${prefix}/share'
docdir='${datarootdir}/doc/${PACKAGE_TARNAME}'
dvidir='${docdir}'
enable_shared='no'
enable_static='yes'
exec_prefix='NONE'
has_fortran='yes'
has_mpicxx='yes'
host='power-ibm-aix'
host_alias='power'
host_cpu='power'
host_os='aix'
host_vendor='ibm'
htmldir='${docdir}'
in_place_swap=''
includedir='${prefix}/include'
infodir='${datarootdir}/info'
install_sh='${SHELL} /gza/u/xiaohui/g6/code_test/parallel-netcdf-1.10.0/scripts/install-sh'
libdir='${exec_prefix}/lib'
libexecdir='${exec_prefix}/libexec'
localedir='${datarootdir}/locale'
localstatedir='${prefix}/var'
mandir='${datarootdir}/man'
mkdir_p='$(MKDIR_P)'
oldincludedir='/usr/include'
pdfdir='${docdir}'
prefix='/gza/u/xiaohui/g6/code_test/PnetCDF'
program_transform_name='s,x,x,'
psdir='${docdir}'
rm_cmd=''
sbindir='${exec_prefix}/sbin'
sharedstatedir='${prefix}/com'
sysconfdir='${prefix}/etc'
target_alias=''

## ----------- ##
## confdefs.h. ##
## ----------- ##

/* confdefs.h */
#define PACKAGE_NAME "parallel-netcdf"
#define PACKAGE_TARNAME "parallel-netcdf"
#define PACKAGE_VERSION "1.10.0"
#define PACKAGE_STRING "parallel-netcdf 1.10.0"
#define PACKAGE_BUGREPORT "parallel-netcdf@mcs.anl.gov"
#define PACKAGE_URL ""
#define PACKAGE "parallel-netcdf"
#define VERSION "1.10.0"
#define STDC_HEADERS 1
#define HAVE_SYS_TYPES_H 1
#define HAVE_SYS_STAT_H 1
#define HAVE_STDLIB_H 1
#define HAVE_STRING_H 1
#define HAVE_MEMORY_H 1
#define HAVE_STRINGS_H 1
#define HAVE_INTTYPES_H 1
#define HAVE_STDINT_H 1
#define HAVE_UNISTD_H 1
#define HAVE_DLFCN_H 1
#define LT_OBJDIR ".libs/"
#define F77_NAME_LOWER /**/

configure: exit 0
